{"/Users/xuningyuan/Desktop/大三/CPSC310/project_team233/src/controller/IInsightFacade.js":{"path":"/Users/xuningyuan/Desktop/大三/CPSC310/project_team233/src/controller/IInsightFacade.js","statementMap":{"0":{"start":{"line":2,"column":0},"end":{"line":2,"column":62}},"1":{"start":{"line":4,"column":0},"end":{"line":7,"column":89}},"2":{"start":{"line":5,"column":4},"end":{"line":5,"column":46}},"3":{"start":{"line":6,"column":4},"end":{"line":6,"column":42}},"4":{"start":{"line":10,"column":8},"end":{"line":10,"column":23}},"5":{"start":{"line":11,"column":8},"end":{"line":11,"column":52}},"6":{"start":{"line":14,"column":0},"end":{"line":14,"column":36}},"7":{"start":{"line":17,"column":8},"end":{"line":17,"column":23}},"8":{"start":{"line":18,"column":8},"end":{"line":18,"column":53}},"9":{"start":{"line":21,"column":0},"end":{"line":21,"column":38}},"10":{"start":{"line":24,"column":8},"end":{"line":24,"column":23}},"11":{"start":{"line":25,"column":8},"end":{"line":25,"column":59}},"12":{"start":{"line":28,"column":0},"end":{"line":28,"column":50}}},"fnMap":{"0":{"name":"(anonymous_0)","decl":{"start":{"line":4,"column":1},"end":{"line":4,"column":2}},"loc":{"start":{"line":4,"column":31},"end":{"line":7,"column":1}},"line":4},"1":{"name":"(anonymous_1)","decl":{"start":{"line":9,"column":4},"end":{"line":9,"column":5}},"loc":{"start":{"line":9,"column":25},"end":{"line":12,"column":5}},"line":9},"2":{"name":"(anonymous_2)","decl":{"start":{"line":16,"column":4},"end":{"line":16,"column":5}},"loc":{"start":{"line":16,"column":25},"end":{"line":19,"column":5}},"line":16},"3":{"name":"(anonymous_3)","decl":{"start":{"line":23,"column":4},"end":{"line":23,"column":5}},"loc":{"start":{"line":23,"column":25},"end":{"line":26,"column":5}},"line":23}},"branchMap":{"0":{"loc":{"start":{"line":7,"column":24},"end":{"line":7,"column":87}},"type":"binary-expr","locations":[{"start":{"line":7,"column":24},"end":{"line":7,"column":50}},{"start":{"line":7,"column":55},"end":{"line":7,"column":86}}],"line":7}},"s":{"0":1,"1":1,"2":1,"3":1,"4":200,"5":200,"6":1,"7":10,"8":10,"9":1,"10":2,"11":2,"12":1},"f":{"0":1,"1":200,"2":10,"3":2},"b":{"0":[1,1]},"_coverageSchema":"332fd63041d2c1bcb487cc26dd0d5f7d97098a6c","hash":"53d59b60e33eee13322bc2075212fefdf144ef5b","contentHash":"610084ef25f1e5b132ca390f842a6a37_11.3.0"},"/Users/xuningyuan/Desktop/大三/CPSC310/project_team233/src/controller/InsightFacade.js":{"path":"/Users/xuningyuan/Desktop/大三/CPSC310/project_team233/src/controller/InsightFacade.js","statementMap":{"0":{"start":{"line":2,"column":16},"end":{"line":9,"column":1}},"1":{"start":{"line":3,"column":4},"end":{"line":8,"column":7}},"2":{"start":{"line":4,"column":36},"end":{"line":4,"column":97}},"3":{"start":{"line":4,"column":42},"end":{"line":4,"column":70}},"4":{"start":{"line":4,"column":85},"end":{"line":4,"column":95}},"5":{"start":{"line":5,"column":35},"end":{"line":5,"column":100}},"6":{"start":{"line":5,"column":41},"end":{"line":5,"column":73}},"7":{"start":{"line":5,"column":88},"end":{"line":5,"column":98}},"8":{"start":{"line":6,"column":32},"end":{"line":6,"column":149}},"9":{"start":{"line":6,"column":97},"end":{"line":6,"column":119}},"10":{"start":{"line":7,"column":8},"end":{"line":7,"column":78}},"11":{"start":{"line":10,"column":0},"end":{"line":10,"column":62}},"12":{"start":{"line":11,"column":25},"end":{"line":11,"column":52}},"13":{"start":{"line":12,"column":15},"end":{"line":12,"column":33}},"14":{"start":{"line":13,"column":27},"end":{"line":13,"column":56}},"15":{"start":{"line":14,"column":26},"end":{"line":14,"column":54}},"16":{"start":{"line":15,"column":24},"end":{"line":15,"column":50}},"17":{"start":{"line":16,"column":14},"end":{"line":16,"column":30}},"18":{"start":{"line":17,"column":25},"end":{"line":17,"column":68}},"19":{"start":{"line":18,"column":21},"end":{"line":18,"column":60}},"20":{"start":{"line":19,"column":23},"end":{"line":19,"column":64}},"21":{"start":{"line":20,"column":21},"end":{"line":20,"column":60}},"22":{"start":{"line":21,"column":21},"end":{"line":21,"column":60}},"23":{"start":{"line":24,"column":8},"end":{"line":24,"column":57}},"24":{"start":{"line":25,"column":8},"end":{"line":25,"column":34}},"25":{"start":{"line":26,"column":8},"end":{"line":26,"column":54}},"26":{"start":{"line":29,"column":31},"end":{"line":29,"column":33}},"27":{"start":{"line":30,"column":29},"end":{"line":30,"column":31}},"28":{"start":{"line":31,"column":8},"end":{"line":37,"column":9}},"29":{"start":{"line":32,"column":12},"end":{"line":32,"column":67}},"30":{"start":{"line":33,"column":12},"end":{"line":33,"column":74}},"31":{"start":{"line":36,"column":12},"end":{"line":36,"column":72}},"32":{"start":{"line":38,"column":20},"end":{"line":38,"column":76}},"33":{"start":{"line":39,"column":21},"end":{"line":39,"column":93}},"34":{"start":{"line":40,"column":8},"end":{"line":40,"column":47}},"35":{"start":{"line":43,"column":8},"end":{"line":65,"column":11}},"36":{"start":{"line":44,"column":12},"end":{"line":64,"column":13}},"37":{"start":{"line":45,"column":16},"end":{"line":50,"column":17}},"38":{"start":{"line":46,"column":20},"end":{"line":46,"column":79}},"39":{"start":{"line":49,"column":20},"end":{"line":49,"column":93}},"40":{"start":{"line":53,"column":16},"end":{"line":63,"column":17}},"41":{"start":{"line":54,"column":20},"end":{"line":54,"column":83}},"42":{"start":{"line":57,"column":20},"end":{"line":62,"column":23}},"43":{"start":{"line":58,"column":24},"end":{"line":60,"column":25}},"44":{"start":{"line":59,"column":28},"end":{"line":59,"column":35}},"45":{"start":{"line":61,"column":24},"end":{"line":61,"column":64}},"46":{"start":{"line":68,"column":8},"end":{"line":83,"column":11}},"47":{"start":{"line":69,"column":24},"end":{"line":71,"column":14}},"48":{"start":{"line":70,"column":16},"end":{"line":70,"column":51}},"49":{"start":{"line":72,"column":26},"end":{"line":79,"column":15}},"50":{"start":{"line":72,"column":41},"end":{"line":79,"column":14}},"51":{"start":{"line":73,"column":16},"end":{"line":78,"column":17}},"52":{"start":{"line":74,"column":20},"end":{"line":74,"column":88}},"53":{"start":{"line":77,"column":20},"end":{"line":77,"column":93}},"54":{"start":{"line":80,"column":12},"end":{"line":82,"column":15}},"55":{"start":{"line":81,"column":16},"end":{"line":81,"column":61}},"56":{"start":{"line":86,"column":21},"end":{"line":88,"column":10}},"57":{"start":{"line":87,"column":12},"end":{"line":87,"column":57}},"58":{"start":{"line":89,"column":20},"end":{"line":91,"column":10}},"59":{"start":{"line":90,"column":12},"end":{"line":90,"column":84}},"60":{"start":{"line":92,"column":8},"end":{"line":103,"column":11}},"61":{"start":{"line":93,"column":30},"end":{"line":93,"column":32}},"62":{"start":{"line":94,"column":23},"end":{"line":94,"column":50}},"63":{"start":{"line":95,"column":12},"end":{"line":98,"column":13}},"64":{"start":{"line":96,"column":26},"end":{"line":96,"column":49}},"65":{"start":{"line":97,"column":16},"end":{"line":97,"column":41}},"66":{"start":{"line":99,"column":12},"end":{"line":99,"column":46}},"67":{"start":{"line":100,"column":12},"end":{"line":100,"column":48}},"68":{"start":{"line":102,"column":12},"end":{"line":102,"column":74}},"69":{"start":{"line":106,"column":8},"end":{"line":127,"column":11}},"70":{"start":{"line":107,"column":12},"end":{"line":109,"column":13}},"71":{"start":{"line":108,"column":16},"end":{"line":108,"column":124}},"72":{"start":{"line":110,"column":12},"end":{"line":115,"column":13}},"73":{"start":{"line":111,"column":16},"end":{"line":111,"column":77}},"74":{"start":{"line":114,"column":16},"end":{"line":114,"column":109}},"75":{"start":{"line":116,"column":12},"end":{"line":121,"column":13}},"76":{"start":{"line":117,"column":16},"end":{"line":117,"column":58}},"77":{"start":{"line":119,"column":17},"end":{"line":121,"column":13}},"78":{"start":{"line":120,"column":16},"end":{"line":120,"column":56}},"79":{"start":{"line":122,"column":12},"end":{"line":124,"column":15}},"80":{"start":{"line":123,"column":16},"end":{"line":123,"column":33}},"81":{"start":{"line":125,"column":12},"end":{"line":125,"column":66}},"82":{"start":{"line":126,"column":12},"end":{"line":126,"column":41}},"83":{"start":{"line":130,"column":8},"end":{"line":130,"column":55}},"84":{"start":{"line":133,"column":18},"end":{"line":133,"column":42}},"85":{"start":{"line":134,"column":31},"end":{"line":134,"column":70}},"86":{"start":{"line":135,"column":8},"end":{"line":135,"column":33}},"87":{"start":{"line":136,"column":8},"end":{"line":136,"column":37}},"88":{"start":{"line":137,"column":8},"end":{"line":137,"column":46}},"89":{"start":{"line":138,"column":8},"end":{"line":138,"column":52}},"90":{"start":{"line":139,"column":8},"end":{"line":139,"column":51}},"91":{"start":{"line":142,"column":23},"end":{"line":142,"column":27}},"92":{"start":{"line":143,"column":8},"end":{"line":188,"column":11}},"93":{"start":{"line":145,"column":12},"end":{"line":186,"column":13}},"94":{"start":{"line":146,"column":31},"end":{"line":146,"column":80}},"95":{"start":{"line":147,"column":16},"end":{"line":147,"column":43}},"96":{"start":{"line":148,"column":31},"end":{"line":148,"column":48}},"97":{"start":{"line":149,"column":32},"end":{"line":149,"column":50}},"98":{"start":{"line":150,"column":32},"end":{"line":150,"column":50}},"99":{"start":{"line":151,"column":31},"end":{"line":151,"column":48}},"100":{"start":{"line":152,"column":31},"end":{"line":152,"column":48}},"101":{"start":{"line":153,"column":28},"end":{"line":153,"column":45}},"102":{"start":{"line":154,"column":31},"end":{"line":154,"column":108}},"103":{"start":{"line":155,"column":16},"end":{"line":155,"column":50}},"104":{"start":{"line":156,"column":36},"end":{"line":156,"column":52}},"105":{"start":{"line":157,"column":16},"end":{"line":162,"column":17}},"106":{"start":{"line":158,"column":31},"end":{"line":158,"column":44}},"107":{"start":{"line":159,"column":35},"end":{"line":159,"column":75}},"108":{"start":{"line":160,"column":38},"end":{"line":160,"column":58}},"109":{"start":{"line":161,"column":20},"end":{"line":161,"column":78}},"110":{"start":{"line":163,"column":32},"end":{"line":163,"column":79}},"111":{"start":{"line":164,"column":31},"end":{"line":164,"column":102}},"112":{"start":{"line":165,"column":16},"end":{"line":174,"column":17}},"113":{"start":{"line":166,"column":38},"end":{"line":166,"column":123}},"114":{"start":{"line":167,"column":38},"end":{"line":167,"column":71}},"115":{"start":{"line":168,"column":42},"end":{"line":168,"column":108}},"116":{"start":{"line":169,"column":20},"end":{"line":169,"column":78}},"117":{"start":{"line":172,"column":42},"end":{"line":172,"column":108}},"118":{"start":{"line":173,"column":20},"end":{"line":173,"column":78}},"119":{"start":{"line":177,"column":16},"end":{"line":179,"column":17}},"120":{"start":{"line":178,"column":20},"end":{"line":178,"column":30}},"121":{"start":{"line":180,"column":16},"end":{"line":185,"column":17}},"122":{"start":{"line":181,"column":20},"end":{"line":181,"column":30}},"123":{"start":{"line":184,"column":20},"end":{"line":184,"column":65}},"124":{"start":{"line":187,"column":12},"end":{"line":187,"column":25}},"125":{"start":{"line":191,"column":0},"end":{"line":191,"column":32}}},"fnMap":{"0":{"name":"(anonymous_0)","decl":{"start":{"line":2,"column":44},"end":{"line":2,"column":45}},"loc":{"start":{"line":2,"column":89},"end":{"line":9,"column":1}},"line":2},"1":{"name":"(anonymous_1)","decl":{"start":{"line":3,"column":36},"end":{"line":3,"column":37}},"loc":{"start":{"line":3,"column":63},"end":{"line":8,"column":5}},"line":3},"2":{"name":"fulfilled","decl":{"start":{"line":4,"column":17},"end":{"line":4,"column":26}},"loc":{"start":{"line":4,"column":34},"end":{"line":4,"column":99}},"line":4},"3":{"name":"rejected","decl":{"start":{"line":5,"column":17},"end":{"line":5,"column":25}},"loc":{"start":{"line":5,"column":33},"end":{"line":5,"column":102}},"line":5},"4":{"name":"step","decl":{"start":{"line":6,"column":17},"end":{"line":6,"column":21}},"loc":{"start":{"line":6,"column":30},"end":{"line":6,"column":151}},"line":6},"5":{"name":"(anonymous_5)","decl":{"start":{"line":6,"column":76},"end":{"line":6,"column":77}},"loc":{"start":{"line":6,"column":95},"end":{"line":6,"column":121}},"line":6},"6":{"name":"(anonymous_6)","decl":{"start":{"line":23,"column":4},"end":{"line":23,"column":5}},"loc":{"start":{"line":23,"column":18},"end":{"line":27,"column":5}},"line":23},"7":{"name":"(anonymous_7)","decl":{"start":{"line":28,"column":4},"end":{"line":28,"column":5}},"loc":{"start":{"line":28,"column":34},"end":{"line":41,"column":5}},"line":28},"8":{"name":"(anonymous_8)","decl":{"start":{"line":42,"column":4},"end":{"line":42,"column":5}},"loc":{"start":{"line":42,"column":56},"end":{"line":66,"column":5}},"line":42},"9":{"name":"(anonymous_9)","decl":{"start":{"line":43,"column":63},"end":{"line":43,"column":64}},"loc":{"start":{"line":43,"column":78},"end":{"line":65,"column":9}},"line":43},"10":{"name":"(anonymous_10)","decl":{"start":{"line":57,"column":32},"end":{"line":57,"column":33}},"loc":{"start":{"line":57,"column":56},"end":{"line":62,"column":21}},"line":57},"11":{"name":"(anonymous_11)","decl":{"start":{"line":67,"column":4},"end":{"line":67,"column":5}},"loc":{"start":{"line":67,"column":72},"end":{"line":84,"column":5}},"line":67},"12":{"name":"(anonymous_12)","decl":{"start":{"line":68,"column":47},"end":{"line":68,"column":48}},"loc":{"start":{"line":68,"column":60},"end":{"line":83,"column":9}},"line":68},"13":{"name":"(anonymous_13)","decl":{"start":{"line":69,"column":33},"end":{"line":69,"column":34}},"loc":{"start":{"line":69,"column":39},"end":{"line":71,"column":13}},"line":69},"14":{"name":"(anonymous_14)","decl":{"start":{"line":72,"column":35},"end":{"line":72,"column":36}},"loc":{"start":{"line":72,"column":41},"end":{"line":79,"column":14}},"line":72},"15":{"name":"(anonymous_15)","decl":{"start":{"line":72,"column":73},"end":{"line":72,"column":74}},"loc":{"start":{"line":72,"column":86},"end":{"line":79,"column":13}},"line":72},"16":{"name":"(anonymous_16)","decl":{"start":{"line":80,"column":30},"end":{"line":80,"column":31}},"loc":{"start":{"line":80,"column":36},"end":{"line":82,"column":13}},"line":80},"17":{"name":"(anonymous_17)","decl":{"start":{"line":85,"column":4},"end":{"line":85,"column":5}},"loc":{"start":{"line":85,"column":31},"end":{"line":104,"column":5}},"line":85},"18":{"name":"(anonymous_18)","decl":{"start":{"line":86,"column":31},"end":{"line":86,"column":32}},"loc":{"start":{"line":86,"column":37},"end":{"line":88,"column":9}},"line":86},"19":{"name":"(anonymous_19)","decl":{"start":{"line":89,"column":30},"end":{"line":89,"column":31}},"loc":{"start":{"line":89,"column":36},"end":{"line":91,"column":9}},"line":89},"20":{"name":"(anonymous_20)","decl":{"start":{"line":92,"column":24},"end":{"line":92,"column":25}},"loc":{"start":{"line":92,"column":30},"end":{"line":101,"column":9}},"line":92},"21":{"name":"(anonymous_21)","decl":{"start":{"line":101,"column":17},"end":{"line":101,"column":18}},"loc":{"start":{"line":101,"column":26},"end":{"line":103,"column":9}},"line":101},"22":{"name":"(anonymous_22)","decl":{"start":{"line":105,"column":4},"end":{"line":105,"column":5}},"loc":{"start":{"line":105,"column":22},"end":{"line":128,"column":5}},"line":105},"23":{"name":"(anonymous_23)","decl":{"start":{"line":106,"column":47},"end":{"line":106,"column":48}},"loc":{"start":{"line":106,"column":60},"end":{"line":127,"column":9}},"line":106},"24":{"name":"(anonymous_24)","decl":{"start":{"line":122,"column":63},"end":{"line":122,"column":64}},"loc":{"start":{"line":122,"column":75},"end":{"line":124,"column":13}},"line":122},"25":{"name":"(anonymous_25)","decl":{"start":{"line":129,"column":4},"end":{"line":129,"column":5}},"loc":{"start":{"line":129,"column":19},"end":{"line":131,"column":5}},"line":129},"26":{"name":"(anonymous_26)","decl":{"start":{"line":132,"column":4},"end":{"line":132,"column":5}},"loc":{"start":{"line":132,"column":39},"end":{"line":140,"column":5}},"line":132},"27":{"name":"(anonymous_27)","decl":{"start":{"line":141,"column":4},"end":{"line":141,"column":5}},"loc":{"start":{"line":141,"column":24},"end":{"line":189,"column":5}},"line":141},"28":{"name":"(anonymous_28)","decl":{"start":{"line":143,"column":27},"end":{"line":143,"column":28}},"loc":{"start":{"line":143,"column":54},"end":{"line":188,"column":9}},"line":143}},"branchMap":{"0":{"loc":{"start":{"line":2,"column":16},"end":{"line":9,"column":1}},"type":"binary-expr","locations":[{"start":{"line":2,"column":17},"end":{"line":2,"column":21}},{"start":{"line":2,"column":25},"end":{"line":2,"column":39}},{"start":{"line":2,"column":44},"end":{"line":9,"column":1}}],"line":2},"1":{"loc":{"start":{"line":3,"column":16},"end":{"line":3,"column":34}},"type":"binary-expr","locations":[{"start":{"line":3,"column":16},"end":{"line":3,"column":17}},{"start":{"line":3,"column":22},"end":{"line":3,"column":33}}],"line":3},"2":{"loc":{"start":{"line":6,"column":32},"end":{"line":6,"column":148}},"type":"cond-expr","locations":[{"start":{"line":6,"column":46},"end":{"line":6,"column":67}},{"start":{"line":6,"column":70},"end":{"line":6,"column":148}}],"line":6},"3":{"loc":{"start":{"line":7,"column":51},"end":{"line":7,"column":67}},"type":"binary-expr","locations":[{"start":{"line":7,"column":51},"end":{"line":7,"column":61}},{"start":{"line":7,"column":65},"end":{"line":7,"column":67}}],"line":7},"4":{"loc":{"start":{"line":44,"column":12},"end":{"line":64,"column":13}},"type":"if","locations":[{"start":{"line":44,"column":12},"end":{"line":64,"column":13}},{"start":{"line":44,"column":12},"end":{"line":64,"column":13}}],"line":44},"5":{"loc":{"start":{"line":45,"column":16},"end":{"line":50,"column":17}},"type":"if","locations":[{"start":{"line":45,"column":16},"end":{"line":50,"column":17}},{"start":{"line":45,"column":16},"end":{"line":50,"column":17}}],"line":45},"6":{"loc":{"start":{"line":53,"column":16},"end":{"line":63,"column":17}},"type":"if","locations":[{"start":{"line":53,"column":16},"end":{"line":63,"column":17}},{"start":{"line":53,"column":16},"end":{"line":63,"column":17}}],"line":53},"7":{"loc":{"start":{"line":58,"column":24},"end":{"line":60,"column":25}},"type":"if","locations":[{"start":{"line":58,"column":24},"end":{"line":60,"column":25}},{"start":{"line":58,"column":24},"end":{"line":60,"column":25}}],"line":58},"8":{"loc":{"start":{"line":73,"column":16},"end":{"line":78,"column":17}},"type":"if","locations":[{"start":{"line":73,"column":16},"end":{"line":78,"column":17}},{"start":{"line":73,"column":16},"end":{"line":78,"column":17}}],"line":73},"9":{"loc":{"start":{"line":107,"column":12},"end":{"line":109,"column":13}},"type":"if","locations":[{"start":{"line":107,"column":12},"end":{"line":109,"column":13}},{"start":{"line":107,"column":12},"end":{"line":109,"column":13}}],"line":107},"10":{"loc":{"start":{"line":107,"column":16},"end":{"line":107,"column":72}},"type":"binary-expr","locations":[{"start":{"line":107,"column":16},"end":{"line":107,"column":19}},{"start":{"line":107,"column":23},"end":{"line":107,"column":39}},{"start":{"line":107,"column":43},"end":{"line":107,"column":59}},{"start":{"line":107,"column":63},"end":{"line":107,"column":72}}],"line":107},"11":{"loc":{"start":{"line":116,"column":12},"end":{"line":121,"column":13}},"type":"if","locations":[{"start":{"line":116,"column":12},"end":{"line":121,"column":13}},{"start":{"line":116,"column":12},"end":{"line":121,"column":13}}],"line":116},"12":{"loc":{"start":{"line":119,"column":17},"end":{"line":121,"column":13}},"type":"if","locations":[{"start":{"line":119,"column":17},"end":{"line":121,"column":13}},{"start":{"line":119,"column":17},"end":{"line":121,"column":13}}],"line":119},"13":{"loc":{"start":{"line":157,"column":16},"end":{"line":162,"column":17}},"type":"if","locations":[{"start":{"line":157,"column":16},"end":{"line":162,"column":17}},{"start":{"line":157,"column":16},"end":{"line":162,"column":17}}],"line":157},"14":{"loc":{"start":{"line":165,"column":16},"end":{"line":174,"column":17}},"type":"if","locations":[{"start":{"line":165,"column":16},"end":{"line":174,"column":17}},{"start":{"line":165,"column":16},"end":{"line":174,"column":17}}],"line":165},"15":{"loc":{"start":{"line":177,"column":16},"end":{"line":179,"column":17}},"type":"if","locations":[{"start":{"line":177,"column":16},"end":{"line":179,"column":17}},{"start":{"line":177,"column":16},"end":{"line":179,"column":17}}],"line":177},"16":{"loc":{"start":{"line":180,"column":16},"end":{"line":185,"column":17}},"type":"if","locations":[{"start":{"line":180,"column":16},"end":{"line":185,"column":17}},{"start":{"line":180,"column":16},"end":{"line":185,"column":17}}],"line":180}},"s":{"0":1,"1":53,"2":37,"3":37,"4":0,"5":5,"6":5,"7":5,"8":90,"9":42,"10":53,"11":1,"12":1,"13":1,"14":1,"15":1,"16":1,"17":1,"18":1,"19":1,"20":1,"21":1,"22":1,"23":39,"24":39,"25":39,"26":37,"27":37,"28":37,"29":37,"30":27,"31":14,"32":23,"33":23,"34":23,"35":23,"36":21,"37":9,"38":1,"39":8,"40":12,"41":4,"42":8,"43":95136,"44":24,"45":95112,"46":23,"47":23,"48":16,"49":23,"50":16,"51":16,"52":8,"53":8,"54":23,"55":16,"56":23,"57":16,"58":23,"59":16,"60":23,"61":16,"62":16,"63":16,"64":18,"65":18,"66":16,"67":16,"68":7,"69":14,"70":14,"71":4,"72":10,"73":10,"74":5,"75":5,"76":3,"77":2,"78":2,"79":5,"80":5,"81":5,"82":5,"83":5,"84":16,"85":16,"86":16,"87":16,"88":16,"89":16,"90":16,"91":103,"92":103,"93":103,"94":103,"95":103,"96":73,"97":73,"98":73,"99":73,"100":73,"101":73,"102":73,"103":73,"104":33,"105":33,"106":0,"107":0,"108":0,"109":0,"110":33,"111":33,"112":29,"113":13,"114":13,"115":8,"116":8,"117":16,"118":16,"119":81,"120":77,"121":81,"122":2,"123":79,"124":103,"125":1},"f":{"0":53,"1":53,"2":37,"3":5,"4":90,"5":42,"6":39,"7":37,"8":23,"9":21,"10":95136,"11":23,"12":23,"13":16,"14":16,"15":16,"16":16,"17":23,"18":16,"19":16,"20":16,"21":7,"22":14,"23":14,"24":5,"25":5,"26":16,"27":103,"28":103},"b":{"0":[1,1,1],"1":[53,53],"2":[48,42],"3":[53,53],"4":[9,12],"5":[1,8],"6":[4,8],"7":[24,95112],"8":[8,8],"9":[4,10],"10":[14,11,11,10],"11":[3,2],"12":[2,0],"13":[0,33],"14":[13,16],"15":[77,4],"16":[2,79]},"_coverageSchema":"332fd63041d2c1bcb487cc26dd0d5f7d97098a6c","hash":"b9334d48c053511b1c3b841c2babca887abdc5b9","contentHash":"b6e1ed7ec5bfe4eda8438a57273be2fa_11.3.0"},"/Users/xuningyuan/Desktop/大三/CPSC310/project_team233/src/Util.js":{"path":"/Users/xuningyuan/Desktop/大三/CPSC310/project_team233/src/Util.js","statementMap":{"0":{"start":{"line":2,"column":0},"end":{"line":2,"column":62}},"1":{"start":{"line":5,"column":8},"end":{"line":5,"column":67}},"2":{"start":{"line":8,"column":8},"end":{"line":8,"column":68}},"3":{"start":{"line":11,"column":8},"end":{"line":11,"column":68}},"4":{"start":{"line":14,"column":8},"end":{"line":14,"column":69}},"5":{"start":{"line":17,"column":8},"end":{"line":17,"column":67}},"6":{"start":{"line":20,"column":0},"end":{"line":20,"column":22}}},"fnMap":{"0":{"name":"(anonymous_0)","decl":{"start":{"line":4,"column":4},"end":{"line":4,"column":5}},"loc":{"start":{"line":4,"column":25},"end":{"line":6,"column":5}},"line":4},"1":{"name":"(anonymous_1)","decl":{"start":{"line":7,"column":4},"end":{"line":7,"column":5}},"loc":{"start":{"line":7,"column":24},"end":{"line":9,"column":5}},"line":7},"2":{"name":"(anonymous_2)","decl":{"start":{"line":10,"column":4},"end":{"line":10,"column":5}},"loc":{"start":{"line":10,"column":24},"end":{"line":12,"column":5}},"line":10},"3":{"name":"(anonymous_3)","decl":{"start":{"line":13,"column":4},"end":{"line":13,"column":5}},"loc":{"start":{"line":13,"column":25},"end":{"line":15,"column":5}},"line":13},"4":{"name":"(anonymous_4)","decl":{"start":{"line":16,"column":4},"end":{"line":16,"column":5}},"loc":{"start":{"line":16,"column":24},"end":{"line":18,"column":5}},"line":16}},"branchMap":{},"s":{"0":1,"1":87,"2":4,"3":0,"4":0,"5":78,"6":1},"f":{"0":87,"1":4,"2":0,"3":0,"4":78},"b":{},"_coverageSchema":"332fd63041d2c1bcb487cc26dd0d5f7d97098a6c","hash":"4e4bcf29304c432c4fc42c66386ce5ddbd6b2375","contentHash":"9a778b871d1e4e12f0759c9e1504c9f2_11.3.0"},"/Users/xuningyuan/Desktop/大三/CPSC310/project_team233/src/controller/AddDataSetHelper.js":{"path":"/Users/xuningyuan/Desktop/大三/CPSC310/project_team233/src/controller/AddDataSetHelper.js","statementMap":{"0":{"start":{"line":2,"column":16},"end":{"line":9,"column":1}},"1":{"start":{"line":3,"column":4},"end":{"line":8,"column":7}},"2":{"start":{"line":4,"column":36},"end":{"line":4,"column":97}},"3":{"start":{"line":4,"column":42},"end":{"line":4,"column":70}},"4":{"start":{"line":4,"column":85},"end":{"line":4,"column":95}},"5":{"start":{"line":5,"column":35},"end":{"line":5,"column":100}},"6":{"start":{"line":5,"column":41},"end":{"line":5,"column":73}},"7":{"start":{"line":5,"column":88},"end":{"line":5,"column":98}},"8":{"start":{"line":6,"column":32},"end":{"line":6,"column":149}},"9":{"start":{"line":6,"column":97},"end":{"line":6,"column":119}},"10":{"start":{"line":7,"column":8},"end":{"line":7,"column":78}},"11":{"start":{"line":10,"column":0},"end":{"line":10,"column":62}},"12":{"start":{"line":11,"column":25},"end":{"line":11,"column":52}},"13":{"start":{"line":12,"column":11},"end":{"line":12,"column":24}},"14":{"start":{"line":14,"column":4},"end":{"line":16,"column":5}},"15":{"start":{"line":15,"column":8},"end":{"line":15,"column":66}},"16":{"start":{"line":17,"column":4},"end":{"line":19,"column":5}},"17":{"start":{"line":18,"column":8},"end":{"line":18,"column":71}},"18":{"start":{"line":20,"column":4},"end":{"line":20,"column":17}},"19":{"start":{"line":22,"column":0},"end":{"line":22,"column":44}},"20":{"start":{"line":24,"column":4},"end":{"line":28,"column":5}},"21":{"start":{"line":25,"column":8},"end":{"line":27,"column":9}},"22":{"start":{"line":26,"column":12},"end":{"line":26,"column":99}},"23":{"start":{"line":29,"column":4},"end":{"line":33,"column":5}},"24":{"start":{"line":30,"column":8},"end":{"line":32,"column":9}},"25":{"start":{"line":31,"column":12},"end":{"line":31,"column":97}},"26":{"start":{"line":34,"column":4},"end":{"line":34,"column":17}},"27":{"start":{"line":36,"column":0},"end":{"line":36,"column":46}},"28":{"start":{"line":38,"column":4},"end":{"line":42,"column":5}},"29":{"start":{"line":39,"column":8},"end":{"line":41,"column":9}},"30":{"start":{"line":40,"column":12},"end":{"line":40,"column":73}},"31":{"start":{"line":43,"column":4},"end":{"line":43,"column":17}},"32":{"start":{"line":45,"column":0},"end":{"line":45,"column":44}},"33":{"start":{"line":46,"column":0},"end":{"line":52,"column":3}},"34":{"start":{"line":46,"column":50},"end":{"line":52,"column":2}},"35":{"start":{"line":47,"column":4},"end":{"line":51,"column":7}},"36":{"start":{"line":48,"column":8},"end":{"line":50,"column":12}},"37":{"start":{"line":49,"column":12},"end":{"line":49,"column":34}},"38":{"start":{"line":53,"column":0},"end":{"line":59,"column":3}},"39":{"start":{"line":53,"column":48},"end":{"line":59,"column":2}},"40":{"start":{"line":54,"column":4},"end":{"line":58,"column":7}},"41":{"start":{"line":55,"column":8},"end":{"line":57,"column":12}},"42":{"start":{"line":56,"column":12},"end":{"line":56,"column":34}}},"fnMap":{"0":{"name":"(anonymous_0)","decl":{"start":{"line":2,"column":44},"end":{"line":2,"column":45}},"loc":{"start":{"line":2,"column":89},"end":{"line":9,"column":1}},"line":2},"1":{"name":"(anonymous_1)","decl":{"start":{"line":3,"column":36},"end":{"line":3,"column":37}},"loc":{"start":{"line":3,"column":63},"end":{"line":8,"column":5}},"line":3},"2":{"name":"fulfilled","decl":{"start":{"line":4,"column":17},"end":{"line":4,"column":26}},"loc":{"start":{"line":4,"column":34},"end":{"line":4,"column":99}},"line":4},"3":{"name":"rejected","decl":{"start":{"line":5,"column":17},"end":{"line":5,"column":25}},"loc":{"start":{"line":5,"column":33},"end":{"line":5,"column":102}},"line":5},"4":{"name":"step","decl":{"start":{"line":6,"column":17},"end":{"line":6,"column":21}},"loc":{"start":{"line":6,"column":30},"end":{"line":6,"column":151}},"line":6},"5":{"name":"(anonymous_5)","decl":{"start":{"line":6,"column":76},"end":{"line":6,"column":77}},"loc":{"start":{"line":6,"column":95},"end":{"line":6,"column":121}},"line":6},"6":{"name":"validityChecking","decl":{"start":{"line":13,"column":9},"end":{"line":13,"column":25}},"loc":{"start":{"line":13,"column":45},"end":{"line":21,"column":1}},"line":13},"7":{"name":"duplicateChecking","decl":{"start":{"line":23,"column":9},"end":{"line":23,"column":26}},"loc":{"start":{"line":23,"column":47},"end":{"line":35,"column":1}},"line":23},"8":{"name":"notFoundChecking","decl":{"start":{"line":37,"column":9},"end":{"line":37,"column":25}},"loc":{"start":{"line":37,"column":46},"end":{"line":44,"column":1}},"line":37},"9":{"name":"(anonymous_9)","decl":{"start":{"line":46,"column":21},"end":{"line":46,"column":22}},"loc":{"start":{"line":46,"column":50},"end":{"line":52,"column":2}},"line":46},"10":{"name":"(anonymous_10)","decl":{"start":{"line":46,"column":82},"end":{"line":46,"column":83}},"loc":{"start":{"line":46,"column":95},"end":{"line":52,"column":1}},"line":46},"11":{"name":"(anonymous_11)","decl":{"start":{"line":47,"column":23},"end":{"line":47,"column":24}},"loc":{"start":{"line":47,"column":44},"end":{"line":51,"column":5}},"line":47},"12":{"name":"(anonymous_12)","decl":{"start":{"line":48,"column":75},"end":{"line":48,"column":76}},"loc":{"start":{"line":48,"column":81},"end":{"line":50,"column":9}},"line":48},"13":{"name":"(anonymous_13)","decl":{"start":{"line":53,"column":25},"end":{"line":53,"column":26}},"loc":{"start":{"line":53,"column":48},"end":{"line":59,"column":2}},"line":53},"14":{"name":"(anonymous_14)","decl":{"start":{"line":53,"column":80},"end":{"line":53,"column":81}},"loc":{"start":{"line":53,"column":93},"end":{"line":59,"column":1}},"line":53},"15":{"name":"(anonymous_15)","decl":{"start":{"line":54,"column":23},"end":{"line":54,"column":24}},"loc":{"start":{"line":54,"column":44},"end":{"line":58,"column":5}},"line":54},"16":{"name":"(anonymous_16)","decl":{"start":{"line":55,"column":55},"end":{"line":55,"column":56}},"loc":{"start":{"line":55,"column":61},"end":{"line":57,"column":9}},"line":55}},"branchMap":{"0":{"loc":{"start":{"line":2,"column":16},"end":{"line":9,"column":1}},"type":"binary-expr","locations":[{"start":{"line":2,"column":17},"end":{"line":2,"column":21}},{"start":{"line":2,"column":25},"end":{"line":2,"column":39}},{"start":{"line":2,"column":44},"end":{"line":9,"column":1}}],"line":2},"1":{"loc":{"start":{"line":3,"column":16},"end":{"line":3,"column":34}},"type":"binary-expr","locations":[{"start":{"line":3,"column":16},"end":{"line":3,"column":17}},{"start":{"line":3,"column":22},"end":{"line":3,"column":33}}],"line":3},"2":{"loc":{"start":{"line":6,"column":32},"end":{"line":6,"column":148}},"type":"cond-expr","locations":[{"start":{"line":6,"column":46},"end":{"line":6,"column":67}},{"start":{"line":6,"column":70},"end":{"line":6,"column":148}}],"line":6},"3":{"loc":{"start":{"line":7,"column":51},"end":{"line":7,"column":67}},"type":"binary-expr","locations":[{"start":{"line":7,"column":51},"end":{"line":7,"column":61}},{"start":{"line":7,"column":65},"end":{"line":7,"column":67}}],"line":7},"4":{"loc":{"start":{"line":14,"column":4},"end":{"line":16,"column":5}},"type":"if","locations":[{"start":{"line":14,"column":4},"end":{"line":16,"column":5}},{"start":{"line":14,"column":4},"end":{"line":16,"column":5}}],"line":14},"5":{"loc":{"start":{"line":14,"column":8},"end":{"line":14,"column":64}},"type":"binary-expr","locations":[{"start":{"line":14,"column":8},"end":{"line":14,"column":11}},{"start":{"line":14,"column":15},"end":{"line":14,"column":31}},{"start":{"line":14,"column":35},"end":{"line":14,"column":51}},{"start":{"line":14,"column":55},"end":{"line":14,"column":64}}],"line":14},"6":{"loc":{"start":{"line":17,"column":4},"end":{"line":19,"column":5}},"type":"if","locations":[{"start":{"line":17,"column":4},"end":{"line":19,"column":5}},{"start":{"line":17,"column":4},"end":{"line":19,"column":5}}],"line":17},"7":{"loc":{"start":{"line":24,"column":4},"end":{"line":28,"column":5}},"type":"if","locations":[{"start":{"line":24,"column":4},"end":{"line":28,"column":5}},{"start":{"line":24,"column":4},"end":{"line":28,"column":5}}],"line":24},"8":{"loc":{"start":{"line":25,"column":8},"end":{"line":27,"column":9}},"type":"if","locations":[{"start":{"line":25,"column":8},"end":{"line":27,"column":9}},{"start":{"line":25,"column":8},"end":{"line":27,"column":9}}],"line":25},"9":{"loc":{"start":{"line":29,"column":4},"end":{"line":33,"column":5}},"type":"if","locations":[{"start":{"line":29,"column":4},"end":{"line":33,"column":5}},{"start":{"line":29,"column":4},"end":{"line":33,"column":5}}],"line":29},"10":{"loc":{"start":{"line":30,"column":8},"end":{"line":32,"column":9}},"type":"if","locations":[{"start":{"line":30,"column":8},"end":{"line":32,"column":9}},{"start":{"line":30,"column":8},"end":{"line":32,"column":9}}],"line":30},"11":{"loc":{"start":{"line":38,"column":4},"end":{"line":42,"column":5}},"type":"if","locations":[{"start":{"line":38,"column":4},"end":{"line":42,"column":5}},{"start":{"line":38,"column":4},"end":{"line":42,"column":5}}],"line":38},"12":{"loc":{"start":{"line":39,"column":8},"end":{"line":41,"column":9}},"type":"if","locations":[{"start":{"line":39,"column":8},"end":{"line":41,"column":9}},{"start":{"line":39,"column":8},"end":{"line":41,"column":9}}],"line":39},"13":{"loc":{"start":{"line":39,"column":12},"end":{"line":39,"column":68}},"type":"binary-expr","locations":[{"start":{"line":39,"column":12},"end":{"line":39,"column":39}},{"start":{"line":39,"column":43},"end":{"line":39,"column":68}}],"line":39}},"s":{"0":1,"1":21,"2":0,"3":0,"4":0,"5":0,"6":0,"7":0,"8":21,"9":0,"10":21,"11":1,"12":1,"13":1,"14":37,"15":5,"16":32,"17":5,"18":27,"19":1,"20":27,"21":27,"22":3,"23":24,"24":24,"25":1,"26":23,"27":1,"28":10,"29":10,"30":5,"31":5,"32":1,"33":1,"34":16,"35":16,"36":16,"37":16,"38":1,"39":5,"40":5,"41":5,"42":5},"f":{"0":21,"1":21,"2":0,"3":0,"4":21,"5":0,"6":37,"7":27,"8":10,"9":16,"10":16,"11":16,"12":16,"13":5,"14":5,"15":5,"16":5},"b":{"0":[1,1,1],"1":[21,21],"2":[21,0],"3":[21,21],"4":[5,32],"5":[37,35,34,32],"6":[5,27],"7":[27,0],"8":[3,24],"9":[24,0],"10":[1,23],"11":[10,0],"12":[5,5],"13":[10,7]},"_coverageSchema":"332fd63041d2c1bcb487cc26dd0d5f7d97098a6c","hash":"a4e9b1bc27623b9fc726aa8e809b241b008bca1f","contentHash":"ae21bf8b529749829c155de7d1797610_11.3.0"},"/Users/xuningyuan/Desktop/大三/CPSC310/project_team233/src/controller/AddCourseHelper.js":{"path":"/Users/xuningyuan/Desktop/大三/CPSC310/project_team233/src/controller/AddCourseHelper.js","statementMap":{"0":{"start":{"line":2,"column":16},"end":{"line":9,"column":1}},"1":{"start":{"line":3,"column":4},"end":{"line":8,"column":7}},"2":{"start":{"line":4,"column":36},"end":{"line":4,"column":97}},"3":{"start":{"line":4,"column":42},"end":{"line":4,"column":70}},"4":{"start":{"line":4,"column":85},"end":{"line":4,"column":95}},"5":{"start":{"line":5,"column":35},"end":{"line":5,"column":100}},"6":{"start":{"line":5,"column":41},"end":{"line":5,"column":73}},"7":{"start":{"line":5,"column":88},"end":{"line":5,"column":98}},"8":{"start":{"line":6,"column":32},"end":{"line":6,"column":149}},"9":{"start":{"line":6,"column":97},"end":{"line":6,"column":119}},"10":{"start":{"line":7,"column":8},"end":{"line":7,"column":78}},"11":{"start":{"line":10,"column":0},"end":{"line":10,"column":62}},"12":{"start":{"line":13,"column":0},"end":{"line":13,"column":24}},"13":{"start":{"line":15,"column":4},"end":{"line":30,"column":7}},"14":{"start":{"line":16,"column":8},"end":{"line":29,"column":9}},"15":{"start":{"line":17,"column":12},"end":{"line":28,"column":13}},"16":{"start":{"line":18,"column":28},"end":{"line":18,"column":43}},"17":{"start":{"line":19,"column":16},"end":{"line":21,"column":17}},"18":{"start":{"line":20,"column":20},"end":{"line":20,"column":29}},"19":{"start":{"line":22,"column":16},"end":{"line":25,"column":17}},"20":{"start":{"line":23,"column":33},"end":{"line":23,"column":48}},"21":{"start":{"line":24,"column":20},"end":{"line":24,"column":46}},"22":{"start":{"line":32,"column":0},"end":{"line":32,"column":48}},"23":{"start":{"line":34,"column":17},"end":{"line":35,"column":85}},"24":{"start":{"line":36,"column":4},"end":{"line":54,"column":5}},"25":{"start":{"line":37,"column":8},"end":{"line":37,"column":36}},"26":{"start":{"line":38,"column":8},"end":{"line":38,"column":44}},"27":{"start":{"line":39,"column":8},"end":{"line":39,"column":33}},"28":{"start":{"line":40,"column":8},"end":{"line":40,"column":35}},"29":{"start":{"line":41,"column":8},"end":{"line":41,"column":42}},"30":{"start":{"line":42,"column":8},"end":{"line":47,"column":9}},"31":{"start":{"line":43,"column":12},"end":{"line":43,"column":31}},"32":{"start":{"line":46,"column":12},"end":{"line":46,"column":45}},"33":{"start":{"line":48,"column":8},"end":{"line":48,"column":33}},"34":{"start":{"line":49,"column":8},"end":{"line":49,"column":35}},"35":{"start":{"line":50,"column":8},"end":{"line":50,"column":33}},"36":{"start":{"line":51,"column":8},"end":{"line":51,"column":31}},"37":{"start":{"line":55,"column":4},"end":{"line":55,"column":18}},"38":{"start":{"line":57,"column":0},"end":{"line":57,"column":36}}},"fnMap":{"0":{"name":"(anonymous_0)","decl":{"start":{"line":2,"column":44},"end":{"line":2,"column":45}},"loc":{"start":{"line":2,"column":89},"end":{"line":9,"column":1}},"line":2},"1":{"name":"(anonymous_1)","decl":{"start":{"line":3,"column":36},"end":{"line":3,"column":37}},"loc":{"start":{"line":3,"column":63},"end":{"line":8,"column":5}},"line":3},"2":{"name":"fulfilled","decl":{"start":{"line":4,"column":17},"end":{"line":4,"column":26}},"loc":{"start":{"line":4,"column":34},"end":{"line":4,"column":99}},"line":4},"3":{"name":"rejected","decl":{"start":{"line":5,"column":17},"end":{"line":5,"column":25}},"loc":{"start":{"line":5,"column":33},"end":{"line":5,"column":102}},"line":5},"4":{"name":"step","decl":{"start":{"line":6,"column":17},"end":{"line":6,"column":21}},"loc":{"start":{"line":6,"column":30},"end":{"line":6,"column":151}},"line":6},"5":{"name":"(anonymous_5)","decl":{"start":{"line":6,"column":76},"end":{"line":6,"column":77}},"loc":{"start":{"line":6,"column":95},"end":{"line":6,"column":121}},"line":6},"6":{"name":"getValidCourseInfo","decl":{"start":{"line":14,"column":9},"end":{"line":14,"column":27}},"loc":{"start":{"line":14,"column":50},"end":{"line":31,"column":1}},"line":14},"7":{"name":"(anonymous_7)","decl":{"start":{"line":15,"column":43},"end":{"line":15,"column":44}},"loc":{"start":{"line":15,"column":56},"end":{"line":30,"column":5}},"line":15},"8":{"name":"buildCourses","decl":{"start":{"line":33,"column":9},"end":{"line":33,"column":21}},"loc":{"start":{"line":33,"column":29},"end":{"line":56,"column":1}},"line":33}},"branchMap":{"0":{"loc":{"start":{"line":2,"column":16},"end":{"line":9,"column":1}},"type":"binary-expr","locations":[{"start":{"line":2,"column":17},"end":{"line":2,"column":21}},{"start":{"line":2,"column":25},"end":{"line":2,"column":39}},{"start":{"line":2,"column":44},"end":{"line":9,"column":1}}],"line":2},"1":{"loc":{"start":{"line":3,"column":16},"end":{"line":3,"column":34}},"type":"binary-expr","locations":[{"start":{"line":3,"column":16},"end":{"line":3,"column":17}},{"start":{"line":3,"column":22},"end":{"line":3,"column":33}}],"line":3},"2":{"loc":{"start":{"line":6,"column":32},"end":{"line":6,"column":148}},"type":"cond-expr","locations":[{"start":{"line":6,"column":46},"end":{"line":6,"column":67}},{"start":{"line":6,"column":70},"end":{"line":6,"column":148}}],"line":6},"3":{"loc":{"start":{"line":7,"column":51},"end":{"line":7,"column":67}},"type":"binary-expr","locations":[{"start":{"line":7,"column":51},"end":{"line":7,"column":61}},{"start":{"line":7,"column":65},"end":{"line":7,"column":67}}],"line":7},"4":{"loc":{"start":{"line":19,"column":16},"end":{"line":21,"column":17}},"type":"if","locations":[{"start":{"line":19,"column":16},"end":{"line":21,"column":17}},{"start":{"line":19,"column":16},"end":{"line":21,"column":17}}],"line":19},"5":{"loc":{"start":{"line":42,"column":8},"end":{"line":47,"column":9}},"type":"if","locations":[{"start":{"line":42,"column":8},"end":{"line":47,"column":9}},{"start":{"line":42,"column":8},"end":{"line":47,"column":9}}],"line":42}},"s":{"0":1,"1":8,"2":0,"3":0,"4":0,"5":0,"6":0,"7":0,"8":8,"9":0,"10":8,"11":1,"12":1,"13":8,"14":8,"15":95112,"16":95112,"17":47552,"18":18840,"19":28712,"20":516896,"21":516896,"22":1,"23":516896,"24":516896,"25":516896,"26":516896,"27":516896,"28":516896,"29":516896,"30":516896,"31":196968,"32":319928,"33":516896,"34":516896,"35":516896,"36":516896,"37":516896,"38":1},"f":{"0":8,"1":8,"2":0,"3":0,"4":8,"5":0,"6":8,"7":8,"8":516896},"b":{"0":[1,1,1],"1":[8,8],"2":[8,0],"3":[8,8],"4":[18840,28712],"5":[196968,319928]},"_coverageSchema":"332fd63041d2c1bcb487cc26dd0d5f7d97098a6c","hash":"2cf15446c61b7beee043bfcb3a44d6ce6bc84c72","contentHash":"d19b7094f90af3ae5e1c9580013fbb27_11.3.0"},"/Users/xuningyuan/Desktop/大三/CPSC310/project_team233/src/controller/AddRoomHelper.js":{"path":"/Users/xuningyuan/Desktop/大三/CPSC310/project_team233/src/controller/AddRoomHelper.js","statementMap":{"0":{"start":{"line":2,"column":16},"end":{"line":9,"column":1}},"1":{"start":{"line":3,"column":4},"end":{"line":8,"column":7}},"2":{"start":{"line":4,"column":36},"end":{"line":4,"column":97}},"3":{"start":{"line":4,"column":42},"end":{"line":4,"column":70}},"4":{"start":{"line":4,"column":85},"end":{"line":4,"column":95}},"5":{"start":{"line":5,"column":35},"end":{"line":5,"column":100}},"6":{"start":{"line":5,"column":41},"end":{"line":5,"column":73}},"7":{"start":{"line":5,"column":88},"end":{"line":5,"column":98}},"8":{"start":{"line":6,"column":32},"end":{"line":6,"column":149}},"9":{"start":{"line":6,"column":97},"end":{"line":6,"column":119}},"10":{"start":{"line":7,"column":8},"end":{"line":7,"column":78}},"11":{"start":{"line":10,"column":0},"end":{"line":10,"column":62}},"12":{"start":{"line":11,"column":14},"end":{"line":11,"column":30}},"13":{"start":{"line":14,"column":0},"end":{"line":14,"column":20}},"14":{"start":{"line":16,"column":4},"end":{"line":26,"column":7}},"15":{"start":{"line":17,"column":23},"end":{"line":17,"column":40}},"16":{"start":{"line":18,"column":25},"end":{"line":18,"column":48}},"17":{"start":{"line":19,"column":20},"end":{"line":19,"column":48}},"18":{"start":{"line":20,"column":8},"end":{"line":25,"column":9}},"19":{"start":{"line":21,"column":12},"end":{"line":24,"column":13}},"20":{"start":{"line":22,"column":32},"end":{"line":22,"column":69}},"21":{"start":{"line":23,"column":16},"end":{"line":23,"column":76}},"22":{"start":{"line":28,"column":0},"end":{"line":28,"column":44}},"23":{"start":{"line":30,"column":4},"end":{"line":47,"column":8}},"24":{"start":{"line":30,"column":44},"end":{"line":47,"column":6}},"25":{"start":{"line":31,"column":19},"end":{"line":31,"column":66}},"26":{"start":{"line":32,"column":27},"end":{"line":32,"column":44}},"27":{"start":{"line":33,"column":20},"end":{"line":33,"column":68}},"28":{"start":{"line":34,"column":21},"end":{"line":34,"column":75}},"29":{"start":{"line":35,"column":23},"end":{"line":35,"column":40}},"30":{"start":{"line":36,"column":34},"end":{"line":36,"column":52}},"31":{"start":{"line":37,"column":22},"end":{"line":37,"column":61}},"32":{"start":{"line":38,"column":21},"end":{"line":38,"column":53}},"33":{"start":{"line":39,"column":8},"end":{"line":45,"column":9}},"34":{"start":{"line":40,"column":12},"end":{"line":44,"column":13}},"35":{"start":{"line":41,"column":16},"end":{"line":43,"column":17}},"36":{"start":{"line":42,"column":20},"end":{"line":42,"column":66}},"37":{"start":{"line":46,"column":8},"end":{"line":46,"column":37}},"38":{"start":{"line":50,"column":16},"end":{"line":53,"column":5}},"39":{"start":{"line":54,"column":4},"end":{"line":54,"column":74}},"40":{"start":{"line":55,"column":4},"end":{"line":55,"column":80}},"41":{"start":{"line":56,"column":4},"end":{"line":56,"column":72}},"42":{"start":{"line":57,"column":4},"end":{"line":57,"column":65}},"43":{"start":{"line":58,"column":4},"end":{"line":58,"column":72}},"44":{"start":{"line":59,"column":4},"end":{"line":59,"column":72}},"45":{"start":{"line":60,"column":4},"end":{"line":60,"column":68}},"46":{"start":{"line":61,"column":4},"end":{"line":61,"column":63}},"47":{"start":{"line":62,"column":4},"end":{"line":62,"column":27}},"48":{"start":{"line":63,"column":4},"end":{"line":63,"column":27}},"49":{"start":{"line":64,"column":4},"end":{"line":64,"column":54}},"50":{"start":{"line":65,"column":4},"end":{"line":65,"column":29}},"51":{"start":{"line":68,"column":4},"end":{"line":85,"column":7}},"52":{"start":{"line":69,"column":22},"end":{"line":69,"column":33}},"53":{"start":{"line":70,"column":25},"end":{"line":70,"column":43}},"54":{"start":{"line":71,"column":22},"end":{"line":71,"column":37}},"55":{"start":{"line":72,"column":8},"end":{"line":84,"column":11}},"56":{"start":{"line":73,"column":23},"end":{"line":73,"column":25}},"57":{"start":{"line":74,"column":12},"end":{"line":74,"column":37}},"58":{"start":{"line":75,"column":12},"end":{"line":77,"column":15}},"59":{"start":{"line":76,"column":16},"end":{"line":76,"column":30}},"60":{"start":{"line":78,"column":12},"end":{"line":83,"column":15}},"61":{"start":{"line":79,"column":26},"end":{"line":79,"column":42}},"62":{"start":{"line":80,"column":16},"end":{"line":82,"column":17}},"63":{"start":{"line":81,"column":20},"end":{"line":81,"column":40}},"64":{"start":{"line":88,"column":14},"end":{"line":88,"column":28}},"65":{"start":{"line":89,"column":4},"end":{"line":89,"column":37}},"66":{"start":{"line":90,"column":4},"end":{"line":90,"column":15}},"67":{"start":{"line":93,"column":4},"end":{"line":95,"column":5}},"68":{"start":{"line":94,"column":8},"end":{"line":94,"column":20}},"69":{"start":{"line":96,"column":4},"end":{"line":98,"column":5}},"70":{"start":{"line":97,"column":8},"end":{"line":97,"column":32}},"71":{"start":{"line":99,"column":4},"end":{"line":104,"column":5}},"72":{"start":{"line":100,"column":19},"end":{"line":100,"column":44}},"73":{"start":{"line":101,"column":8},"end":{"line":103,"column":9}},"74":{"start":{"line":102,"column":12},"end":{"line":102,"column":24}},"75":{"start":{"line":105,"column":4},"end":{"line":105,"column":16}}},"fnMap":{"0":{"name":"(anonymous_0)","decl":{"start":{"line":2,"column":44},"end":{"line":2,"column":45}},"loc":{"start":{"line":2,"column":89},"end":{"line":9,"column":1}},"line":2},"1":{"name":"(anonymous_1)","decl":{"start":{"line":3,"column":36},"end":{"line":3,"column":37}},"loc":{"start":{"line":3,"column":63},"end":{"line":8,"column":5}},"line":3},"2":{"name":"fulfilled","decl":{"start":{"line":4,"column":17},"end":{"line":4,"column":26}},"loc":{"start":{"line":4,"column":34},"end":{"line":4,"column":99}},"line":4},"3":{"name":"rejected","decl":{"start":{"line":5,"column":17},"end":{"line":5,"column":25}},"loc":{"start":{"line":5,"column":33},"end":{"line":5,"column":102}},"line":5},"4":{"name":"step","decl":{"start":{"line":6,"column":17},"end":{"line":6,"column":21}},"loc":{"start":{"line":6,"column":30},"end":{"line":6,"column":151}},"line":6},"5":{"name":"(anonymous_5)","decl":{"start":{"line":6,"column":76},"end":{"line":6,"column":77}},"loc":{"start":{"line":6,"column":95},"end":{"line":6,"column":121}},"line":6},"6":{"name":"getValidRoomInfo","decl":{"start":{"line":15,"column":9},"end":{"line":15,"column":25}},"loc":{"start":{"line":15,"column":57},"end":{"line":27,"column":1}},"line":15},"7":{"name":"(anonymous_7)","decl":{"start":{"line":16,"column":43},"end":{"line":16,"column":44}},"loc":{"start":{"line":16,"column":56},"end":{"line":26,"column":5}},"line":16},"8":{"name":"buildingHelper","decl":{"start":{"line":29,"column":9},"end":{"line":29,"column":23}},"loc":{"start":{"line":29,"column":64},"end":{"line":48,"column":1}},"line":29},"9":{"name":"(anonymous_9)","decl":{"start":{"line":30,"column":23},"end":{"line":30,"column":24}},"loc":{"start":{"line":30,"column":44},"end":{"line":47,"column":6}},"line":30},"10":{"name":"(anonymous_10)","decl":{"start":{"line":30,"column":76},"end":{"line":30,"column":77}},"loc":{"start":{"line":30,"column":89},"end":{"line":47,"column":5}},"line":30},"11":{"name":"roomHelper","decl":{"start":{"line":49,"column":9},"end":{"line":49,"column":19}},"loc":{"start":{"line":49,"column":60},"end":{"line":66,"column":1}},"line":49},"12":{"name":"findGeoLocation","decl":{"start":{"line":67,"column":9},"end":{"line":67,"column":24}},"loc":{"start":{"line":67,"column":38},"end":{"line":86,"column":1}},"line":67},"13":{"name":"(anonymous_13)","decl":{"start":{"line":68,"column":23},"end":{"line":68,"column":24}},"loc":{"start":{"line":68,"column":50},"end":{"line":85,"column":5}},"line":68},"14":{"name":"(anonymous_14)","decl":{"start":{"line":72,"column":96},"end":{"line":72,"column":97}},"loc":{"start":{"line":72,"column":106},"end":{"line":84,"column":9}},"line":72},"15":{"name":"(anonymous_15)","decl":{"start":{"line":75,"column":28},"end":{"line":75,"column":29}},"loc":{"start":{"line":75,"column":39},"end":{"line":77,"column":13}},"line":75},"16":{"name":"(anonymous_16)","decl":{"start":{"line":78,"column":27},"end":{"line":78,"column":28}},"loc":{"start":{"line":78,"column":33},"end":{"line":83,"column":13}},"line":78},"17":{"name":"encodeURL","decl":{"start":{"line":87,"column":9},"end":{"line":87,"column":18}},"loc":{"start":{"line":87,"column":28},"end":{"line":91,"column":1}},"line":87},"18":{"name":"findTable","decl":{"start":{"line":92,"column":9},"end":{"line":92,"column":18}},"loc":{"start":{"line":92,"column":46},"end":{"line":106,"column":1}},"line":92}},"branchMap":{"0":{"loc":{"start":{"line":2,"column":16},"end":{"line":9,"column":1}},"type":"binary-expr","locations":[{"start":{"line":2,"column":17},"end":{"line":2,"column":21}},{"start":{"line":2,"column":25},"end":{"line":2,"column":39}},{"start":{"line":2,"column":44},"end":{"line":9,"column":1}}],"line":2},"1":{"loc":{"start":{"line":3,"column":16},"end":{"line":3,"column":34}},"type":"binary-expr","locations":[{"start":{"line":3,"column":16},"end":{"line":3,"column":17}},{"start":{"line":3,"column":22},"end":{"line":3,"column":33}}],"line":3},"2":{"loc":{"start":{"line":6,"column":32},"end":{"line":6,"column":148}},"type":"cond-expr","locations":[{"start":{"line":6,"column":46},"end":{"line":6,"column":67}},{"start":{"line":6,"column":70},"end":{"line":6,"column":148}}],"line":6},"3":{"loc":{"start":{"line":7,"column":51},"end":{"line":7,"column":67}},"type":"binary-expr","locations":[{"start":{"line":7,"column":51},"end":{"line":7,"column":61}},{"start":{"line":7,"column":65},"end":{"line":7,"column":67}}],"line":7},"4":{"loc":{"start":{"line":21,"column":12},"end":{"line":24,"column":13}},"type":"if","locations":[{"start":{"line":21,"column":12},"end":{"line":24,"column":13}},{"start":{"line":21,"column":12},"end":{"line":24,"column":13}}],"line":21},"5":{"loc":{"start":{"line":39,"column":8},"end":{"line":45,"column":9}},"type":"if","locations":[{"start":{"line":39,"column":8},"end":{"line":45,"column":9}},{"start":{"line":39,"column":8},"end":{"line":45,"column":9}}],"line":39},"6":{"loc":{"start":{"line":41,"column":16},"end":{"line":43,"column":17}},"type":"if","locations":[{"start":{"line":41,"column":16},"end":{"line":43,"column":17}},{"start":{"line":41,"column":16},"end":{"line":43,"column":17}}],"line":41},"7":{"loc":{"start":{"line":80,"column":16},"end":{"line":82,"column":17}},"type":"if","locations":[{"start":{"line":80,"column":16},"end":{"line":82,"column":17}},{"start":{"line":80,"column":16},"end":{"line":82,"column":17}}],"line":80},"8":{"loc":{"start":{"line":93,"column":4},"end":{"line":95,"column":5}},"type":"if","locations":[{"start":{"line":93,"column":4},"end":{"line":95,"column":5}},{"start":{"line":93,"column":4},"end":{"line":95,"column":5}}],"line":93},"9":{"loc":{"start":{"line":93,"column":8},"end":{"line":93,"column":70}},"type":"binary-expr","locations":[{"start":{"line":93,"column":8},"end":{"line":93,"column":25}},{"start":{"line":93,"column":29},"end":{"line":93,"column":70}}],"line":93},"10":{"loc":{"start":{"line":96,"column":4},"end":{"line":98,"column":5}},"type":"if","locations":[{"start":{"line":96,"column":4},"end":{"line":98,"column":5}},{"start":{"line":96,"column":4},"end":{"line":98,"column":5}}],"line":96},"11":{"loc":{"start":{"line":101,"column":8},"end":{"line":103,"column":9}},"type":"if","locations":[{"start":{"line":101,"column":8},"end":{"line":103,"column":9}},{"start":{"line":101,"column":8},"end":{"line":103,"column":9}}],"line":101}},"s":{"0":1,"1":600,"2":2368,"3":2368,"4":0,"5":0,"6":0,"7":0,"8":2968,"9":2368,"10":600,"11":1,"12":1,"13":1,"14":8,"15":8,"16":8,"17":8,"18":8,"19":1192,"20":592,"21":592,"22":1,"23":592,"24":592,"25":592,"26":592,"27":592,"28":592,"29":592,"30":592,"31":592,"32":592,"33":592,"34":352,"35":6176,"36":2912,"37":592,"38":2912,"39":2912,"40":2912,"41":2912,"42":2912,"43":2912,"44":2912,"45":2912,"46":2912,"47":2912,"48":2912,"49":2912,"50":2912,"51":592,"52":592,"53":592,"54":592,"55":592,"56":592,"57":592,"58":592,"59":592,"60":592,"61":592,"62":592,"63":592,"64":592,"65":592,"66":592,"67":776224,"68":377872,"69":398352,"70":360,"71":397992,"72":775624,"73":775624,"74":4304,"75":393688},"f":{"0":600,"1":600,"2":2368,"3":0,"4":2968,"5":2368,"6":8,"7":8,"8":592,"9":592,"10":592,"11":2912,"12":592,"13":592,"14":592,"15":592,"16":592,"17":592,"18":776224},"b":{"0":[1,1,1],"1":[600,600],"2":[600,2368],"3":[600,600],"4":[592,600],"5":[352,240],"6":[2912,3264],"7":[592,0],"8":[377872,398352],"9":[776224,776224],"10":[360,397992],"11":[4304,771320]},"_coverageSchema":"332fd63041d2c1bcb487cc26dd0d5f7d97098a6c","hash":"840f26ae3e00afa0929c6e7b9846cd768bdd2957","contentHash":"ac63ffa8aebaa6e9b86c0ccd8400cbb0_11.3.0"},"/Users/xuningyuan/Desktop/大三/CPSC310/project_team233/src/controller/QueryController/transformation.js":{"path":"/Users/xuningyuan/Desktop/大三/CPSC310/project_team233/src/controller/QueryController/transformation.js","statementMap":{"0":{"start":{"line":2,"column":0},"end":{"line":2,"column":62}},"1":{"start":{"line":3,"column":25},"end":{"line":3,"column":53}},"2":{"start":{"line":4,"column":21},"end":{"line":4,"column":42}},"3":{"start":{"line":7,"column":8},"end":{"line":7,"column":53}},"4":{"start":{"line":8,"column":8},"end":{"line":8,"column":34}},"5":{"start":{"line":9,"column":8},"end":{"line":10,"column":57}},"6":{"start":{"line":11,"column":8},"end":{"line":11,"column":70}},"7":{"start":{"line":12,"column":8},"end":{"line":12,"column":75}},"8":{"start":{"line":13,"column":8},"end":{"line":14,"column":35}},"9":{"start":{"line":15,"column":8},"end":{"line":15,"column":51}},"10":{"start":{"line":16,"column":8},"end":{"line":16,"column":111}},"11":{"start":{"line":17,"column":8},"end":{"line":17,"column":33}},"12":{"start":{"line":18,"column":8},"end":{"line":18,"column":32}},"13":{"start":{"line":19,"column":8},"end":{"line":19,"column":36}},"14":{"start":{"line":20,"column":8},"end":{"line":20,"column":38}},"15":{"start":{"line":23,"column":21},"end":{"line":23,"column":37}},"16":{"start":{"line":24,"column":24},"end":{"line":24,"column":41}},"17":{"start":{"line":25,"column":8},"end":{"line":41,"column":9}},"18":{"start":{"line":26,"column":12},"end":{"line":28,"column":13}},"19":{"start":{"line":27,"column":16},"end":{"line":27,"column":84}},"20":{"start":{"line":29,"column":22},"end":{"line":29,"column":39}},"21":{"start":{"line":30,"column":25},"end":{"line":30,"column":31}},"22":{"start":{"line":31,"column":25},"end":{"line":31,"column":47}},"23":{"start":{"line":32,"column":12},"end":{"line":40,"column":13}},"24":{"start":{"line":33,"column":16},"end":{"line":33,"column":56}},"25":{"start":{"line":35,"column":17},"end":{"line":40,"column":13}},"26":{"start":{"line":36,"column":16},"end":{"line":36,"column":59}},"27":{"start":{"line":39,"column":16},"end":{"line":39,"column":91}},"28":{"start":{"line":42,"column":22},"end":{"line":42,"column":65}},"29":{"start":{"line":43,"column":18},"end":{"line":43,"column":62}},"30":{"start":{"line":44,"column":8},"end":{"line":44,"column":19}},"31":{"start":{"line":47,"column":24},"end":{"line":47,"column":27}},"32":{"start":{"line":48,"column":8},"end":{"line":82,"column":9}},"33":{"start":{"line":49,"column":12},"end":{"line":78,"column":13}},"34":{"start":{"line":50,"column":27},"end":{"line":50,"column":47}},"35":{"start":{"line":51,"column":16},"end":{"line":53,"column":17}},"36":{"start":{"line":52,"column":20},"end":{"line":52,"column":76}},"37":{"start":{"line":54,"column":28},"end":{"line":54,"column":35}},"38":{"start":{"line":55,"column":28},"end":{"line":55,"column":35}},"39":{"start":{"line":56,"column":16},"end":{"line":58,"column":17}},"40":{"start":{"line":57,"column":20},"end":{"line":57,"column":91}},"41":{"start":{"line":59,"column":16},"end":{"line":66,"column":17}},"42":{"start":{"line":60,"column":20},"end":{"line":62,"column":21}},"43":{"start":{"line":61,"column":24},"end":{"line":61,"column":96}},"44":{"start":{"line":63,"column":20},"end":{"line":65,"column":21}},"45":{"start":{"line":64,"column":24},"end":{"line":64,"column":96}},"46":{"start":{"line":67,"column":16},"end":{"line":74,"column":17}},"47":{"start":{"line":68,"column":20},"end":{"line":70,"column":21}},"48":{"start":{"line":69,"column":24},"end":{"line":69,"column":96}},"49":{"start":{"line":71,"column":20},"end":{"line":73,"column":21}},"50":{"start":{"line":72,"column":24},"end":{"line":72,"column":96}},"51":{"start":{"line":77,"column":16},"end":{"line":77,"column":89}},"52":{"start":{"line":81,"column":12},"end":{"line":81,"column":84}},"53":{"start":{"line":85,"column":18},"end":{"line":85,"column":26}},"54":{"start":{"line":86,"column":8},"end":{"line":102,"column":9}},"55":{"start":{"line":87,"column":24},"end":{"line":87,"column":41}},"56":{"start":{"line":88,"column":26},"end":{"line":88,"column":29}},"57":{"start":{"line":89,"column":12},"end":{"line":89,"column":21}},"58":{"start":{"line":90,"column":12},"end":{"line":101,"column":13}},"59":{"start":{"line":91,"column":31},"end":{"line":93,"column":18}},"60":{"start":{"line":92,"column":20},"end":{"line":92,"column":41}},"61":{"start":{"line":94,"column":34},"end":{"line":94,"column":56}},"62":{"start":{"line":95,"column":16},"end":{"line":100,"column":17}},"63":{"start":{"line":96,"column":35},"end":{"line":98,"column":22}},"64":{"start":{"line":97,"column":24},"end":{"line":97,"column":46}},"65":{"start":{"line":99,"column":20},"end":{"line":99,"column":39}},"66":{"start":{"line":103,"column":8},"end":{"line":103,"column":19}},"67":{"start":{"line":106,"column":18},"end":{"line":106,"column":20}},"68":{"start":{"line":107,"column":8},"end":{"line":123,"column":9}},"69":{"start":{"line":108,"column":34},"end":{"line":108,"column":42}},"70":{"start":{"line":109,"column":12},"end":{"line":111,"column":13}},"71":{"start":{"line":110,"column":16},"end":{"line":110,"column":42}},"72":{"start":{"line":112,"column":12},"end":{"line":122,"column":13}},"73":{"start":{"line":113,"column":16},"end":{"line":120,"column":17}},"74":{"start":{"line":114,"column":39},"end":{"line":114,"column":70}},"75":{"start":{"line":115,"column":41},"end":{"line":115,"column":70}},"76":{"start":{"line":116,"column":36},"end":{"line":116,"column":66}},"77":{"start":{"line":117,"column":37},"end":{"line":117,"column":62}},"78":{"start":{"line":118,"column":36},"end":{"line":118,"column":60}},"79":{"start":{"line":119,"column":20},"end":{"line":119,"column":109}},"80":{"start":{"line":121,"column":16},"end":{"line":121,"column":42}},"81":{"start":{"line":124,"column":8},"end":{"line":124,"column":19}},"82":{"start":{"line":128,"column":18},"end":{"line":130,"column":10}},"83":{"start":{"line":129,"column":12},"end":{"line":129,"column":37}},"84":{"start":{"line":131,"column":8},"end":{"line":175,"column":9}},"85":{"start":{"line":132,"column":22},"end":{"line":132,"column":38}},"86":{"start":{"line":133,"column":12},"end":{"line":137,"column":13}},"87":{"start":{"line":134,"column":16},"end":{"line":136,"column":17}},"88":{"start":{"line":135,"column":20},"end":{"line":135,"column":30}},"89":{"start":{"line":138,"column":12},"end":{"line":138,"column":22}},"90":{"start":{"line":140,"column":13},"end":{"line":175,"column":9}},"91":{"start":{"line":141,"column":22},"end":{"line":141,"column":38}},"92":{"start":{"line":142,"column":12},"end":{"line":146,"column":13}},"93":{"start":{"line":143,"column":16},"end":{"line":145,"column":17}},"94":{"start":{"line":144,"column":20},"end":{"line":144,"column":30}},"95":{"start":{"line":147,"column":12},"end":{"line":147,"column":22}},"96":{"start":{"line":149,"column":13},"end":{"line":175,"column":9}},"97":{"start":{"line":150,"column":29},"end":{"line":152,"column":14}},"98":{"start":{"line":151,"column":16},"end":{"line":151,"column":56}},"99":{"start":{"line":153,"column":24},"end":{"line":153,"column":51}},"100":{"start":{"line":154,"column":12},"end":{"line":156,"column":13}},"101":{"start":{"line":155,"column":16},"end":{"line":155,"column":39}},"102":{"start":{"line":157,"column":22},"end":{"line":157,"column":58}},"103":{"start":{"line":158,"column":12},"end":{"line":158,"column":41}},"104":{"start":{"line":160,"column":13},"end":{"line":175,"column":9}},"105":{"start":{"line":161,"column":29},"end":{"line":163,"column":14}},"106":{"start":{"line":162,"column":16},"end":{"line":162,"column":56}},"107":{"start":{"line":164,"column":24},"end":{"line":164,"column":51}},"108":{"start":{"line":165,"column":12},"end":{"line":167,"column":13}},"109":{"start":{"line":166,"column":16},"end":{"line":166,"column":39}},"110":{"start":{"line":168,"column":12},"end":{"line":168,"column":43}},"111":{"start":{"line":170,"column":13},"end":{"line":175,"column":9}},"112":{"start":{"line":171,"column":25},"end":{"line":173,"column":14}},"113":{"start":{"line":172,"column":16},"end":{"line":172,"column":51}},"114":{"start":{"line":174,"column":12},"end":{"line":174,"column":32}},"115":{"start":{"line":176,"column":8},"end":{"line":176,"column":19}},"116":{"start":{"line":179,"column":0},"end":{"line":179,"column":33}}},"fnMap":{"0":{"name":"(anonymous_0)","decl":{"start":{"line":6,"column":4},"end":{"line":6,"column":5}},"loc":{"start":{"line":6,"column":58},"end":{"line":21,"column":5}},"line":6},"1":{"name":"(anonymous_1)","decl":{"start":{"line":22,"column":4},"end":{"line":22,"column":5}},"loc":{"start":{"line":22,"column":26},"end":{"line":45,"column":5}},"line":22},"2":{"name":"(anonymous_2)","decl":{"start":{"line":46,"column":4},"end":{"line":46,"column":5}},"loc":{"start":{"line":46,"column":27},"end":{"line":83,"column":5}},"line":46},"3":{"name":"(anonymous_3)","decl":{"start":{"line":84,"column":4},"end":{"line":84,"column":5}},"loc":{"start":{"line":84,"column":30},"end":{"line":104,"column":5}},"line":84},"4":{"name":"(anonymous_4)","decl":{"start":{"line":91,"column":44},"end":{"line":91,"column":45}},"loc":{"start":{"line":91,"column":62},"end":{"line":93,"column":17}},"line":91},"5":{"name":"(anonymous_5)","decl":{"start":{"line":96,"column":51},"end":{"line":96,"column":52}},"loc":{"start":{"line":96,"column":64},"end":{"line":98,"column":21}},"line":96},"6":{"name":"(anonymous_6)","decl":{"start":{"line":105,"column":4},"end":{"line":105,"column":5}},"loc":{"start":{"line":105,"column":35},"end":{"line":125,"column":5}},"line":105},"7":{"name":"(anonymous_7)","decl":{"start":{"line":126,"column":4},"end":{"line":126,"column":5}},"loc":{"start":{"line":126,"column":56},"end":{"line":177,"column":5}},"line":126},"8":{"name":"(anonymous_8)","decl":{"start":{"line":128,"column":28},"end":{"line":128,"column":29}},"loc":{"start":{"line":128,"column":46},"end":{"line":130,"column":9}},"line":128},"9":{"name":"(anonymous_9)","decl":{"start":{"line":150,"column":37},"end":{"line":150,"column":38}},"loc":{"start":{"line":150,"column":55},"end":{"line":152,"column":13}},"line":150},"10":{"name":"(anonymous_10)","decl":{"start":{"line":161,"column":37},"end":{"line":161,"column":38}},"loc":{"start":{"line":161,"column":55},"end":{"line":163,"column":13}},"line":161},"11":{"name":"(anonymous_11)","decl":{"start":{"line":171,"column":36},"end":{"line":171,"column":37}},"loc":{"start":{"line":171,"column":64},"end":{"line":173,"column":13}},"line":171}},"branchMap":{"0":{"loc":{"start":{"line":26,"column":12},"end":{"line":28,"column":13}},"type":"if","locations":[{"start":{"line":26,"column":12},"end":{"line":28,"column":13}},{"start":{"line":26,"column":12},"end":{"line":28,"column":13}}],"line":26},"1":{"loc":{"start":{"line":32,"column":12},"end":{"line":40,"column":13}},"type":"if","locations":[{"start":{"line":32,"column":12},"end":{"line":40,"column":13}},{"start":{"line":32,"column":12},"end":{"line":40,"column":13}}],"line":32},"2":{"loc":{"start":{"line":35,"column":17},"end":{"line":40,"column":13}},"type":"if","locations":[{"start":{"line":35,"column":17},"end":{"line":40,"column":13}},{"start":{"line":35,"column":17},"end":{"line":40,"column":13}}],"line":35},"3":{"loc":{"start":{"line":48,"column":8},"end":{"line":82,"column":9}},"type":"if","locations":[{"start":{"line":48,"column":8},"end":{"line":82,"column":9}},{"start":{"line":48,"column":8},"end":{"line":82,"column":9}}],"line":48},"4":{"loc":{"start":{"line":49,"column":12},"end":{"line":78,"column":13}},"type":"if","locations":[{"start":{"line":49,"column":12},"end":{"line":78,"column":13}},{"start":{"line":49,"column":12},"end":{"line":78,"column":13}}],"line":49},"5":{"loc":{"start":{"line":51,"column":16},"end":{"line":53,"column":17}},"type":"if","locations":[{"start":{"line":51,"column":16},"end":{"line":53,"column":17}},{"start":{"line":51,"column":16},"end":{"line":53,"column":17}}],"line":51},"6":{"loc":{"start":{"line":56,"column":16},"end":{"line":58,"column":17}},"type":"if","locations":[{"start":{"line":56,"column":16},"end":{"line":58,"column":17}},{"start":{"line":56,"column":16},"end":{"line":58,"column":17}}],"line":56},"7":{"loc":{"start":{"line":59,"column":16},"end":{"line":66,"column":17}},"type":"if","locations":[{"start":{"line":59,"column":16},"end":{"line":66,"column":17}},{"start":{"line":59,"column":16},"end":{"line":66,"column":17}}],"line":59},"8":{"loc":{"start":{"line":60,"column":20},"end":{"line":62,"column":21}},"type":"if","locations":[{"start":{"line":60,"column":20},"end":{"line":62,"column":21}},{"start":{"line":60,"column":20},"end":{"line":62,"column":21}}],"line":60},"9":{"loc":{"start":{"line":60,"column":24},"end":{"line":60,"column":77}},"type":"binary-expr","locations":[{"start":{"line":60,"column":24},"end":{"line":60,"column":38}},{"start":{"line":60,"column":42},"end":{"line":60,"column":77}}],"line":60},"10":{"loc":{"start":{"line":63,"column":20},"end":{"line":65,"column":21}},"type":"if","locations":[{"start":{"line":63,"column":20},"end":{"line":65,"column":21}},{"start":{"line":63,"column":20},"end":{"line":65,"column":21}}],"line":63},"11":{"loc":{"start":{"line":63,"column":24},"end":{"line":63,"column":80}},"type":"binary-expr","locations":[{"start":{"line":63,"column":24},"end":{"line":63,"column":41}},{"start":{"line":63,"column":45},"end":{"line":63,"column":80}}],"line":63},"12":{"loc":{"start":{"line":67,"column":16},"end":{"line":74,"column":17}},"type":"if","locations":[{"start":{"line":67,"column":16},"end":{"line":74,"column":17}},{"start":{"line":67,"column":16},"end":{"line":74,"column":17}}],"line":67},"13":{"loc":{"start":{"line":68,"column":20},"end":{"line":70,"column":21}},"type":"if","locations":[{"start":{"line":68,"column":20},"end":{"line":70,"column":21}},{"start":{"line":68,"column":20},"end":{"line":70,"column":21}}],"line":68},"14":{"loc":{"start":{"line":68,"column":24},"end":{"line":68,"column":75}},"type":"binary-expr","locations":[{"start":{"line":68,"column":24},"end":{"line":68,"column":38}},{"start":{"line":68,"column":42},"end":{"line":68,"column":75}}],"line":68},"15":{"loc":{"start":{"line":71,"column":20},"end":{"line":73,"column":21}},"type":"if","locations":[{"start":{"line":71,"column":20},"end":{"line":73,"column":21}},{"start":{"line":71,"column":20},"end":{"line":73,"column":21}}],"line":71},"16":{"loc":{"start":{"line":71,"column":24},"end":{"line":71,"column":78}},"type":"binary-expr","locations":[{"start":{"line":71,"column":24},"end":{"line":71,"column":41}},{"start":{"line":71,"column":45},"end":{"line":71,"column":78}}],"line":71},"17":{"loc":{"start":{"line":109,"column":12},"end":{"line":111,"column":13}},"type":"if","locations":[{"start":{"line":109,"column":12},"end":{"line":111,"column":13}},{"start":{"line":109,"column":12},"end":{"line":111,"column":13}}],"line":109},"18":{"loc":{"start":{"line":112,"column":12},"end":{"line":122,"column":13}},"type":"if","locations":[{"start":{"line":112,"column":12},"end":{"line":122,"column":13}},{"start":{"line":112,"column":12},"end":{"line":122,"column":13}}],"line":112},"19":{"loc":{"start":{"line":131,"column":8},"end":{"line":175,"column":9}},"type":"if","locations":[{"start":{"line":131,"column":8},"end":{"line":175,"column":9}},{"start":{"line":131,"column":8},"end":{"line":175,"column":9}}],"line":131},"20":{"loc":{"start":{"line":134,"column":16},"end":{"line":136,"column":17}},"type":"if","locations":[{"start":{"line":134,"column":16},"end":{"line":136,"column":17}},{"start":{"line":134,"column":16},"end":{"line":136,"column":17}}],"line":134},"21":{"loc":{"start":{"line":140,"column":13},"end":{"line":175,"column":9}},"type":"if","locations":[{"start":{"line":140,"column":13},"end":{"line":175,"column":9}},{"start":{"line":140,"column":13},"end":{"line":175,"column":9}}],"line":140},"22":{"loc":{"start":{"line":143,"column":16},"end":{"line":145,"column":17}},"type":"if","locations":[{"start":{"line":143,"column":16},"end":{"line":145,"column":17}},{"start":{"line":143,"column":16},"end":{"line":145,"column":17}}],"line":143},"23":{"loc":{"start":{"line":149,"column":13},"end":{"line":175,"column":9}},"type":"if","locations":[{"start":{"line":149,"column":13},"end":{"line":175,"column":9}},{"start":{"line":149,"column":13},"end":{"line":175,"column":9}}],"line":149},"24":{"loc":{"start":{"line":160,"column":13},"end":{"line":175,"column":9}},"type":"if","locations":[{"start":{"line":160,"column":13},"end":{"line":175,"column":9}},{"start":{"line":160,"column":13},"end":{"line":175,"column":9}}],"line":160},"25":{"loc":{"start":{"line":170,"column":13},"end":{"line":175,"column":9}},"type":"if","locations":[{"start":{"line":170,"column":13},"end":{"line":175,"column":9}},{"start":{"line":170,"column":13},"end":{"line":175,"column":9}}],"line":170}},"s":{"0":1,"1":1,"2":1,"3":13,"4":13,"5":13,"6":13,"7":13,"8":13,"9":13,"10":13,"11":13,"12":13,"13":13,"14":13,"15":13,"16":13,"17":13,"18":29,"19":0,"20":29,"21":29,"22":29,"23":29,"24":3,"25":26,"26":26,"27":0,"28":8,"29":8,"30":8,"31":29,"32":29,"33":24,"34":24,"35":24,"36":0,"37":24,"38":24,"39":24,"40":0,"41":24,"42":6,"43":0,"44":6,"45":0,"46":24,"47":18,"48":0,"49":18,"50":0,"51":0,"52":5,"53":8,"54":8,"55":14,"56":14,"57":14,"58":14,"59":98,"60":866,"61":98,"62":98,"63":297,"64":19250,"65":297,"66":8,"67":8,"68":8,"69":207,"70":207,"71":0,"72":207,"73":207,"74":277,"75":277,"76":277,"77":277,"78":277,"79":277,"80":207,"81":8,"82":277,"83":686,"84":277,"85":53,"86":53,"87":376,"88":97,"89":53,"90":224,"91":128,"92":128,"93":151,"94":151,"95":128,"96":96,"97":32,"98":53,"99":32,"100":32,"101":53,"102":32,"103":32,"104":64,"105":32,"106":53,"107":32,"108":32,"109":53,"110":32,"111":32,"112":32,"113":53,"114":32,"115":277,"116":1},"f":{"0":13,"1":13,"2":29,"3":8,"4":866,"5":19250,"6":8,"7":277,"8":686,"9":53,"10":53,"11":53},"b":{"0":[0,29],"1":[3,26],"2":[26,0],"3":[24,5],"4":[24,0],"5":[0,24],"6":[0,24],"7":[6,18],"8":[0,6],"9":[6,1],"10":[0,6],"11":[6,5],"12":[18,6],"13":[0,18],"14":[18,1],"15":[0,18],"16":[18,17],"17":[0,207],"18":[207,0],"19":[53,224],"20":[97,279],"21":[128,96],"22":[151,0],"23":[32,64],"24":[32,32],"25":[32,0]},"_coverageSchema":"332fd63041d2c1bcb487cc26dd0d5f7d97098a6c","hash":"e8980830e76dc035e0ec68820911a7379fcdb7d2","contentHash":"9ceb18eb6164e93aa6cceba43cc1a4b1_11.3.0"},"/Users/xuningyuan/Desktop/大三/CPSC310/project_team233/src/controller/QueryController/optionpart.js":{"path":"/Users/xuningyuan/Desktop/大三/CPSC310/project_team233/src/controller/QueryController/optionpart.js","statementMap":{"0":{"start":{"line":2,"column":0},"end":{"line":2,"column":62}},"1":{"start":{"line":3,"column":25},"end":{"line":3,"column":53}},"2":{"start":{"line":6,"column":8},"end":{"line":8,"column":75}},"3":{"start":{"line":9,"column":8},"end":{"line":9,"column":34}},"4":{"start":{"line":10,"column":8},"end":{"line":10,"column":32}},"5":{"start":{"line":11,"column":8},"end":{"line":11,"column":35}},"6":{"start":{"line":12,"column":8},"end":{"line":12,"column":34}},"7":{"start":{"line":15,"column":18},"end":{"line":15,"column":20}},"8":{"start":{"line":16,"column":8},"end":{"line":26,"column":9}},"9":{"start":{"line":17,"column":23},"end":{"line":17,"column":43}},"10":{"start":{"line":18,"column":23},"end":{"line":18,"column":25}},"11":{"start":{"line":19,"column":12},"end":{"line":24,"column":13}},"12":{"start":{"line":20,"column":30},"end":{"line":20,"column":56}},"13":{"start":{"line":21,"column":16},"end":{"line":23,"column":17}},"14":{"start":{"line":22,"column":20},"end":{"line":22,"column":49}},"15":{"start":{"line":25,"column":12},"end":{"line":25,"column":27}},"16":{"start":{"line":27,"column":8},"end":{"line":32,"column":9}},"17":{"start":{"line":28,"column":12},"end":{"line":28,"column":63}},"18":{"start":{"line":30,"column":13},"end":{"line":32,"column":9}},"19":{"start":{"line":31,"column":12},"end":{"line":31,"column":58}},"20":{"start":{"line":33,"column":8},"end":{"line":35,"column":9}},"21":{"start":{"line":34,"column":12},"end":{"line":34,"column":107}},"22":{"start":{"line":36,"column":8},"end":{"line":36,"column":19}},"23":{"start":{"line":39,"column":8},"end":{"line":49,"column":11}},"24":{"start":{"line":40,"column":24},"end":{"line":40,"column":33}},"25":{"start":{"line":41,"column":24},"end":{"line":41,"column":33}},"26":{"start":{"line":42,"column":12},"end":{"line":47,"column":13}},"27":{"start":{"line":43,"column":16},"end":{"line":43,"column":25}},"28":{"start":{"line":45,"column":17},"end":{"line":47,"column":13}},"29":{"start":{"line":46,"column":16},"end":{"line":46,"column":26}},"30":{"start":{"line":48,"column":12},"end":{"line":48,"column":21}},"31":{"start":{"line":50,"column":8},"end":{"line":50,"column":19}},"32":{"start":{"line":53,"column":18},"end":{"line":53,"column":20}},"33":{"start":{"line":54,"column":8},"end":{"line":71,"column":9}},"34":{"start":{"line":55,"column":23},"end":{"line":55,"column":43}},"35":{"start":{"line":56,"column":23},"end":{"line":56,"column":25}},"36":{"start":{"line":57,"column":12},"end":{"line":69,"column":13}},"37":{"start":{"line":58,"column":16},"end":{"line":68,"column":17}},"38":{"start":{"line":59,"column":34},"end":{"line":59,"column":60}},"39":{"start":{"line":60,"column":20},"end":{"line":62,"column":21}},"40":{"start":{"line":61,"column":24},"end":{"line":61,"column":53}},"41":{"start":{"line":65,"column":20},"end":{"line":67,"column":21}},"42":{"start":{"line":66,"column":24},"end":{"line":66,"column":49}},"43":{"start":{"line":70,"column":12},"end":{"line":70,"column":27}},"44":{"start":{"line":72,"column":8},"end":{"line":77,"column":9}},"45":{"start":{"line":73,"column":12},"end":{"line":73,"column":63}},"46":{"start":{"line":75,"column":13},"end":{"line":77,"column":9}},"47":{"start":{"line":76,"column":12},"end":{"line":76,"column":58}},"48":{"start":{"line":78,"column":8},"end":{"line":80,"column":9}},"49":{"start":{"line":79,"column":12},"end":{"line":79,"column":107}},"50":{"start":{"line":81,"column":8},"end":{"line":81,"column":19}},"51":{"start":{"line":84,"column":19},"end":{"line":84,"column":35}},"52":{"start":{"line":85,"column":18},"end":{"line":85,"column":33}},"53":{"start":{"line":86,"column":20},"end":{"line":86,"column":31}},"54":{"start":{"line":87,"column":8},"end":{"line":98,"column":9}},"55":{"start":{"line":88,"column":12},"end":{"line":96,"column":13}},"56":{"start":{"line":89,"column":30},"end":{"line":89,"column":38}},"57":{"start":{"line":90,"column":24},"end":{"line":90,"column":29}},"58":{"start":{"line":91,"column":16},"end":{"line":94,"column":17}},"59":{"start":{"line":92,"column":20},"end":{"line":92,"column":44}},"60":{"start":{"line":93,"column":20},"end":{"line":93,"column":24}},"61":{"start":{"line":95,"column":16},"end":{"line":95,"column":39}},"62":{"start":{"line":97,"column":12},"end":{"line":97,"column":25}},"63":{"start":{"line":99,"column":8},"end":{"line":110,"column":9}},"64":{"start":{"line":100,"column":12},"end":{"line":108,"column":13}},"65":{"start":{"line":101,"column":30},"end":{"line":101,"column":38}},"66":{"start":{"line":102,"column":24},"end":{"line":102,"column":29}},"67":{"start":{"line":103,"column":16},"end":{"line":106,"column":17}},"68":{"start":{"line":104,"column":20},"end":{"line":104,"column":44}},"69":{"start":{"line":105,"column":20},"end":{"line":105,"column":24}},"70":{"start":{"line":107,"column":16},"end":{"line":107,"column":39}},"71":{"start":{"line":109,"column":12},"end":{"line":109,"column":25}},"72":{"start":{"line":113,"column":8},"end":{"line":122,"column":9}},"73":{"start":{"line":114,"column":27},"end":{"line":114,"column":38}},"74":{"start":{"line":115,"column":12},"end":{"line":117,"column":13}},"75":{"start":{"line":116,"column":16},"end":{"line":116,"column":25}},"76":{"start":{"line":118,"column":12},"end":{"line":120,"column":13}},"77":{"start":{"line":119,"column":16},"end":{"line":119,"column":26}},"78":{"start":{"line":121,"column":12},"end":{"line":121,"column":20}},"79":{"start":{"line":123,"column":8},"end":{"line":123,"column":17}},"80":{"start":{"line":126,"column":0},"end":{"line":126,"column":32}}},"fnMap":{"0":{"name":"(anonymous_0)","decl":{"start":{"line":5,"column":4},"end":{"line":5,"column":5}},"loc":{"start":{"line":5,"column":60},"end":{"line":13,"column":5}},"line":5},"1":{"name":"(anonymous_1)","decl":{"start":{"line":14,"column":4},"end":{"line":14,"column":5}},"loc":{"start":{"line":14,"column":43},"end":{"line":37,"column":5}},"line":14},"2":{"name":"(anonymous_2)","decl":{"start":{"line":38,"column":4},"end":{"line":38,"column":5}},"loc":{"start":{"line":38,"column":36},"end":{"line":51,"column":5}},"line":38},"3":{"name":"(anonymous_3)","decl":{"start":{"line":39,"column":17},"end":{"line":39,"column":18}},"loc":{"start":{"line":39,"column":35},"end":{"line":49,"column":9}},"line":39},"4":{"name":"(anonymous_4)","decl":{"start":{"line":52,"column":4},"end":{"line":52,"column":5}},"loc":{"start":{"line":52,"column":40},"end":{"line":82,"column":5}},"line":52},"5":{"name":"(anonymous_5)","decl":{"start":{"line":83,"column":4},"end":{"line":83,"column":5}},"loc":{"start":{"line":83,"column":34},"end":{"line":111,"column":5}},"line":83},"6":{"name":"(anonymous_6)","decl":{"start":{"line":112,"column":4},"end":{"line":112,"column":5}},"loc":{"start":{"line":112,"column":35},"end":{"line":124,"column":5}},"line":112}},"branchMap":{"0":{"loc":{"start":{"line":21,"column":16},"end":{"line":23,"column":17}},"type":"if","locations":[{"start":{"line":21,"column":16},"end":{"line":23,"column":
[...]
nd":{"line":86,"column":45}},"53":{"start":{"line":87,"column":8},"end":{"line":87,"column":119}},"54":{"start":{"line":87,"column":30},"end":{"line":87,"column":116}},"55":{"start":{"line":88,"column":26},"end":{"line":92,"column":62}},"56":{"start":{"line":93,"column":8},"end":{"line":103,"column":9}},"57":{"start":{"line":94,"column":35},"end":{"line":94,"column":37}},"58":{"start":{"line":95,"column":31},"end":{"line":95,"column":33}},"59":{"start":{"line":96,"column":12},"end":{"line":102,"column":13}},"60":{"start":{"line":97,"column":16},"end":{"line":101,"column":17}},"61":{"start":{"line":98,"column":20},"end":{"line":100,"column":21}},"62":{"start":{"line":99,"column":24},"end":{"line":99,"column":121}},"63":{"start":{"line":104,"column":8},"end":{"line":104,"column":22}},"64":{"start":{"line":107,"column":0},"end":{"line":107,"column":28}}},"fnMap":{"0":{"name":"isSameCourse","decl":{"start":{"line":3,"column":9},"end":{"line":3,"column":21}},"loc":{"start":{"line":3,"column":49},"end":{"line":7,"column":1}},"line":3},"1":{"name":"(anonymous_1)","decl":{"start":{"line":4,"column":31},"end":{"line":4,"column":32}},"loc":{"start":{"line":4,"column":50},"end":{"line":6,"column":5}},"line":4},"2":{"name":"calculateDistance","decl":{"start":{"line":9,"column":9},"end":{"line":9,"column":26}},"loc":{"start":{"line":9,"column":51},"end":{"line":24,"column":1}},"line":9},"3":{"name":"toRadians","decl":{"start":{"line":15,"column":13},"end":{"line":15,"column":22}},"loc":{"start":{"line":15,"column":32},"end":{"line":18,"column":5}},"line":15},"4":{"name":"matchHelper","decl":{"start":{"line":26,"column":9},"end":{"line":26,"column":20}},"loc":{"start":{"line":26,"column":106},"end":{"line":36,"column":1}},"line":26},"5":{"name":"containSec","decl":{"start":{"line":38,"column":9},"end":{"line":38,"column":19}},"loc":{"start":{"line":38,"column":39},"end":{"line":42,"column":1}},"line":38},"6":{"name":"(anonymous_6)","decl":{"start":{"line":39,"column":25},"end":{"line":39,"column":26}},"loc":{"start":{"line":39,"column":40},"end":{"line":41,"column":5}},"line":39},"7":{"name":"containRm","decl":{"start":{"line":44,"column":9},"end":{"line":44,"column":18}},"loc":{"start":{"line":44,"column":32},"end":{"line":48,"column":1}},"line":44},"8":{"name":"(anonymous_8)","decl":{"start":{"line":45,"column":22},"end":{"line":45,"column":23}},"loc":{"start":{"line":45,"column":36},"end":{"line":47,"column":5}},"line":45},"9":{"name":"checkHelper","decl":{"start":{"line":50,"column":9},"end":{"line":50,"column":20}},"loc":{"start":{"line":50,"column":92},"end":{"line":55,"column":1}},"line":50},"10":{"name":"caculateMidPoint","decl":{"start":{"line":57,"column":9},"end":{"line":57,"column":25}},"loc":{"start":{"line":57,"column":33},"end":{"line":66,"column":1}},"line":57},"11":{"name":"roomDistanceHelper","decl":{"start":{"line":68,"column":9},"end":{"line":68,"column":27}},"loc":{"start":{"line":68,"column":46},"end":{"line":74,"column":1}},"line":68},"12":{"name":"(anonymous_12)","decl":{"start":{"line":77,"column":4},"end":{"line":77,"column":5}},"loc":{"start":{"line":77,"column":30},"end":{"line":105,"column":5}},"line":77},"13":{"name":"(anonymous_13)","decl":{"start":{"line":80,"column":23},"end":{"line":80,"column":24}},"loc":{"start":{"line":80,"column":33},"end":{"line":83,"column":93}},"line":80},"14":{"name":"(anonymous_14)","decl":{"start":{"line":87,"column":20},"end":{"line":87,"column":21}},"loc":{"start":{"line":87,"column":30},"end":{"line":87,"column":116}},"line":87}},"branchMap":{"0":{"loc":{"start":{"line":27,"column":4},"end":{"line":34,"column":5}},"type":"if","locations":[{"start":{"line":27,"column":4},"end":{"line":34,"column":5}},{"start":{"line":27,"column":4},"end":{"line":34,"column":5}}],"line":27},"1":{"loc":{"start":{"line":54,"column":11},"end":{"line":54,"column":25}},"type":"binary-expr","locations":[{"start":{"line":54,"column":11},"end":{"line":54,"column":13}},{"start":{"line":54,"column":17},"end":{"line":54,"column":19}},{"start":{"line":54,"column":23},"end":{"line":54,"column":25}}],"line":54},"2":{"loc":{"start":{"line":80,"column":33},"end":{"line":83,"column":93}},"type":"cond-expr","locations":[{"start":{"line":81,"column":83},"end":{"line":81,"column":84}},{"start":{"line":82,"column":12},"end":{"line":83,"column":93}}],"line":80},"3":{"loc":{"start":{"line":82,"column":12},"end":{"line":83,"column":93}},"type":"cond-expr","locations":[{"start":{"line":83,"column":87},"end":{"line":83,"column":89}},{"start":{"line":83,"column":92},"end":{"line":83,"column":93}}],"line":82},"4":{"loc":{"start":{"line":87,"column":30},"end":{"line":87,"column":116}},"type":"cond-expr","locations":[{"start":{"line":87,"column":68},"end":{"line":87,"column":70}},{"start":{"line":87,"column":73},"end":{"line":87,"column":116}}],"line":87},"5":{"loc":{"start":{"line":87,"column":73},"end":{"line":87,"column":116}},"type":"cond-expr","locations":[{"start":{"line":87,"column":111},"end":{"line":87,"column":112}},{"start":{"line":87,"column":115},"end":{"line":87,"column":116}}],"line":87},"6":{"loc":{"start":{"line":98,"column":20},"end":{"line":100,"column":21}},"type":"if","locations":[{"start":{"line":98,"column":20},"end":{"line":100,"column":21}},{"start":{"line":98,"column":20},"end":{"line":100,"column":21}}],"line":98}},"s":{"0":1,"1":481,"2":75,"3":1,"4":16,"5":16,"6":16,"7":16,"8":16,"9":64,"10":64,"11":16,"12":16,"13":16,"14":1,"15":5,"16":5,"17":5,"18":5,"19":5,"20":5,"21":5,"22":0,"23":1,"24":480,"25":1162,"26":1,"27":480,"28":73,"29":1,"30":480,"31":480,"32":480,"33":480,"34":1,"35":2,"36":2,"37":2,"38":2,"39":16,"40":16,"41":2,"42":1,"43":2,"44":16,"45":16,"46":1,"47":1,"48":1,"49":1,"50":3,"51":1,"52":1,"53":1,"54":14,"55":1,"56":1,"57":15,"58":15,"59":15,"60":60,"61":480,"62":4,"63":1,"64":1},"f":{"0":481,"1":75,"2":16,"3":64,"4":5,"5":480,"6":1162,"7":480,"8":73,"9":480,"10":2,"11":2,"12":1,"13":3,"14":14},"b":{"0":[5,0],"1":[480,22,17],"2":[1,2],"3":[2,0],"4":[4,10],"5":[8,2],"6":[4,476]},"_coverageSchema":"332fd63041d2c1bcb487cc26dd0d5f7d97098a6c","hash":"d93ceee20432825fe1524f252bf6df96da314ec6","contentHash":"4c604a3f81442989fe434b4bf279f8fc_11.3.0"},"/Users/xuningyuan/Desktop/大三/CPSC310/project_team233/src/rest/Server.js":{"path":"/Users/xuningyuan/Desktop/大三/CPSC310/project_team233/src/rest/Server.js","statementMap":{"0":{"start":{"line":2,"column":0},"end":{"line":2,"column":62}},"1":{"start":{"line":3,"column":11},"end":{"line":3,"column":24}},"2":{"start":{"line":4,"column":16},"end":{"line":4,"column":34}},"3":{"start":{"line":5,"column":15},"end":{"line":5,"column":33}},"4":{"start":{"line":6,"column":24},"end":{"line":6,"column":62}},"5":{"start":{"line":7,"column":25},"end":{"line":7,"column":64}},"6":{"start":{"line":10,"column":8},"end":{"line":10,"column":62}},"7":{"start":{"line":11,"column":8},"end":{"line":11,"column":25}},"8":{"start":{"line":14,"column":8},"end":{"line":14,"column":47}},"9":{"start":{"line":15,"column":21},"end":{"line":15,"column":25}},"10":{"start":{"line":16,"column":8},"end":{"line":20,"column":11}},"11":{"start":{"line":17,"column":12},"end":{"line":19,"column":15}},"12":{"start":{"line":18,"column":16},"end":{"line":18,"column":30}},"13":{"start":{"line":23,"column":21},"end":{"line":23,"column":25}},"14":{"start":{"line":24,"column":8},"end":{"line":55,"column":11}},"15":{"start":{"line":25,"column":12},"end":{"line":54,"column":13}},"16":{"start":{"line":26,"column":16},"end":{"line":26,"column":63}},"17":{"start":{"line":27,"column":16},"end":{"line":29,"column":19}},"18":{"start":{"line":30,"column":16},"end":{"line":30,"column":87}},"19":{"start":{"line":31,"column":16},"end":{"line":35,"column":19}},"20":{"start":{"line":32,"column":20},"end":{"line":32,"column":67}},"21":{"start":{"line":33,"column":20},"end":{"line":33,"column":83}},"22":{"start":{"line":34,"column":20},"end":{"line":34,"column":34}},"23":{"start":{"line":36,"column":16},"end":{"line":36,"column":57}},"24":{"start":{"line":37,"column":16},"end":{"line":37,"column":70}},"25":{"start":{"line":38,"column":16},"end":{"line":38,"column":64}},"26":{"start":{"line":39,"column":16},"end":{"line":39,"column":60}},"27":{"start":{"line":40,"column":16},"end":{"line":40,"column":61}},"28":{"start":{"line":41,"column":16},"end":{"line":41,"column":55}},"29":{"start":{"line":42,"column":16},"end":{"line":45,"column":19}},"30":{"start":{"line":43,"column":20},"end":{"line":43,"column":97}},"31":{"start":{"line":44,"column":20},"end":{"line":44,"column":34}},"32":{"start":{"line":46,"column":16},"end":{"line":49,"column":19}},"33":{"start":{"line":47,"column":20},"end":{"line":47,"column":83}},"34":{"start":{"line":48,"column":20},"end":{"line":48,"column":32}},"35":{"start":{"line":52,"column":16},"end":{"line":52,"column":72}},"36":{"start":{"line":53,"column":16},"end":{"line":53,"column":28}},"37":{"start":{"line":58,"column":17},"end":{"line":58,"column":30}},"38":{"start":{"line":59,"column":19},"end":{"line":59,"column":34}},"39":{"start":{"line":60,"column":8},"end":{"line":62,"column":9}},"40":{"start":{"line":61,"column":12},"end":{"line":61,"column":59}},"41":{"start":{"line":63,"column":22},"end":{"line":63,"column":49}},"42":{"start":{"line":64,"column":8},"end":{"line":70,"column":11}},"43":{"start":{"line":65,"column":12},"end":{"line":65,"column":47}},"44":{"start":{"line":66,"column":12},"end":{"line":66,"column":48}},"45":{"start":{"line":68,"column":12},"end":{"line":68,"column":48}},"46":{"start":{"line":69,"column":12},"end":{"line":69,"column":59}},"47":{"start":{"line":71,"column":8},"end":{"line":71,"column":22}},"48":{"start":{"line":74,"column":17},"end":{"line":74,"column":30}},"49":{"start":{"line":75,"column":8},"end":{"line":84,"column":11}},"50":{"start":{"line":76,"column":12},"end":{"line":76,"column":48}},"51":{"start":{"line":78,"column":12},"end":{"line":83,"column":13}},"52":{"start":{"line":79,"column":16},"end":{"line":79,"column":86}},"53":{"start":{"line":81,"column":17},"end":{"line":83,"column":13}},"54":{"start":{"line":82,"column":16},"end":{"line":82,"column":87}},"55":{"start":{"line":85,"column":8},"end":{"line":85,"column":22}},"56":{"start":{"line":88,"column":20},"end":{"line":88,"column":30}},"57":{"start":{"line":89,"column":8},"end":{"line":93,"column":11}},"58":{"start":{"line":90,"column":12},"end":{"line":90,"column":46}},"59":{"start":{"line":92,"column":12},"end":{"line":92,"column":61}},"60":{"start":{"line":94,"column":8},"end":{"line":94,"column":22}},"61":{"start":{"line":97,"column":8},"end":{"line":99,"column":11}},"62":{"start":{"line":98,"column":12},"end":{"line":98,"column":46}},"63":{"start":{"line":100,"column":8},"end":{"line":100,"column":22}},"64":{"start":{"line":103,"column":8},"end":{"line":103,"column":89}},"65":{"start":{"line":104,"column":8},"end":{"line":112,"column":9}},"66":{"start":{"line":105,"column":29},"end":{"line":105,"column":63}},"67":{"start":{"line":106,"column":12},"end":{"line":106,"column":72}},"68":{"start":{"line":107,"column":12},"end":{"line":107,"column":48}},"69":{"start":{"line":110,"column":12},"end":{"line":110,"column":70}},"70":{"start":{"line":111,"column":12},"end":{"line":111,"column":42}},"71":{"start":{"line":113,"column":8},"end":{"line":113,"column":22}},"72":{"start":{"line":116,"column":8},"end":{"line":121,"column":9}},"73":{"start":{"line":117,"column":12},"end":{"line":117,"column":37}},"74":{"start":{"line":120,"column":12},"end":{"line":120,"column":42}},"75":{"start":{"line":124,"column":26},"end":{"line":124,"column":44}},"76":{"start":{"line":125,"column":8},"end":{"line":125,"column":67}},"77":{"start":{"line":126,"column":19},"end":{"line":126,"column":43}},"78":{"start":{"line":127,"column":8},"end":{"line":129,"column":9}},"79":{"start":{"line":128,"column":12},"end":{"line":128,"column":56}},"80":{"start":{"line":130,"column":8},"end":{"line":139,"column":11}},"81":{"start":{"line":131,"column":12},"end":{"line":135,"column":13}},"82":{"start":{"line":132,"column":16},"end":{"line":132,"column":30}},"83":{"start":{"line":133,"column":16},"end":{"line":133,"column":58}},"84":{"start":{"line":134,"column":16},"end":{"line":134,"column":30}},"85":{"start":{"line":136,"column":12},"end":{"line":136,"column":28}},"86":{"start":{"line":137,"column":12},"end":{"line":137,"column":22}},"87":{"start":{"line":138,"column":12},"end":{"line":138,"column":26}},"88":{"start":{"line":142,"column":0},"end":{"line":142,"column":55}},"89":{"start":{"line":143,"column":0},"end":{"line":143,"column":25}}},"fnMap":{"0":{"name":"(anonymous_0)","decl":{"start":{"line":9,"column":4},"end":{"line":9,"column":5}},"loc":{"start":{"line":9,"column":22},"end":{"line":12,"column":5}},"line":9},"1":{"name":"(anonymous_1)","decl":{"start":{"line":13,"column":4},"end":{"line":13,"column":5}},"loc":{"start":{"line":13,"column":11},"end":{"line":21,"column":5}},"line":13},"2":{"name":"(anonymous_2)","decl":{"start":{"line":16,"column":27},"end":{"line":16,"column":28}},"loc":{"start":{"line":16,"column":46},"end":{"line":20,"column":9}},"line":16},"3":{"name":"(anonymous_3)","decl":{"start":{"line":17,"column":28},"end":{"line":17,"column":29}},"loc":{"start":{"line":17,"column":40},"end":{"line":19,"column":13}},"line":17},"4":{"name":"(anonymous_4)","decl":{"start":{"line":22,"column":4},"end":{"line":22,"column":5}},"loc":{"start":{"line":22,"column":12},"end":{"line":56,"column":5}},"line":22},"5":{"name":"(anonymous_5)","decl":{"start":{"line":24,"column":27},"end":{"line":24,"column":28}},"loc":{"start":{"line":24,"column":54},"end":{"line":55,"column":9}},"line":24},"6":{"name":"crossOrigin","decl":{"start":{"line":31,"column":39},"end":{"line":31,"column":50}},"loc":{"start":{"line":31,"column":67},"end":{"line":35,"column":17}},"line":31},"7":{"name":"(anonymous_7)","decl":{"start":{"line":42,"column":44},"end":{"line":42,"column":45}},"loc":{"start":{"line":42,"column":56},"end":{"line":45,"column":17}},"line":42},"8":{"name":"(anonymous_8)","decl":{"start":{"line":46,"column":38},"end":{"line":46,"column":39}},"loc":{"start":{"line":46,"column":53},"end":{"line":49,"column":17}},"line":46},"9":{"name":"(anonymous_9)","decl":{"start":{"line":57,"column":4},"end":{"line":57,"column":5}},"loc":{"start":{"line":57,"column":37},"end":{"line":72,"column":5}},"line":57},"10":{"name":"(anonymous_10)","decl":{"start":{"line":64,"column":66},"end":{"line":64,"column":67}},"loc":{"start":{"line":64,"column":80},"end":{"line":67,"column":9}},"line":64},"11":{"name":"(anonymous_11)","decl":{"start":{"line":67,"column":17},"end":{"line":67,"column":18}},"loc":{"start":{"line":67,"column":26},"end":{"line":70,"column":9}},"line":67},"12":{"name":"(anonymous_12)","decl":{"start":{"line":73,"column":4},"end":{"line":73,"column":5}},"loc":{"start":{"line":73,"column":37},"end":{"line":86,"column":5}},"line":73},"13":{"name":"(anonymous_13)","decl":{"start":{"line":75,"column":54},"end":{"line":75,"column":55}},"loc":{"start":{"line":75,"column":68},"end":{"line":77,"column":9}},"line":75},"14":{"name":"(anonymous_14)","decl":{"start":{"line":77,"column":17},"end":{"line":77,"column":18}},"loc":{"start":{"line":77,"column":26},"end":{"line":84,"column":9}},"line":77},"15":{"name":"(anonymous_15)","decl":{"start":{"line":87,"column":4},"end":{"line":87,"column":5}},"loc":{"start":{"line":87,"column":38},"end":{"line":95,"column":5}},"line":87},"16":{"name":"(anonymous_16)","decl":{"start":{"line":89,"column":56},"end":{"line":89,"column":57}},"loc":{"start":{"line":89,"column":68},"end":{"line":91,"column":9}},"line":89},"17":{"name":"(anonymous_17)","decl":{"start":{"line":91,"column":17},"end":{"line":91,"column":18}},"loc":{"start":{"line":91,"column":26},"end":{"line":93,"column":9}},"line":91},"18":{"name":"(anonymous_18)","decl":{"start":{"line":96,"column":4},"end":{"line":96,"column":5}},"loc":{"start":{"line":96,"column":37},"end":{"line":101,"column":5}},"line":96},"19":{"name":"(anonymous_19)","decl":{"start":{"line":97,"column":51},"end":{"line":97,"column":52}},"loc":{"start":{"line":97,"column":63},"end":{"line":99,"column":9}},"line":97},"20":{"name":"(anonymous_20)","decl":{"start":{"line":102,"column":4},"end":{"line":102,"column":5}},"loc":{"start":{"line":102,"column":32},"end":{"line":114,"column":5}},"line":102},"21":{"name":"(anonymous_21)","decl":{"start":{"line":115,"column":4},"end":{"line":115,"column":5}},"loc":{"start":{"line":115,"column":28},"end":{"line":122,"column":5}},"line":115},"22":{"name":"(anonymous_22)","decl":{"start":{"line":123,"column":4},"end":{"line":123,"column":5}},"loc":{"start":{"line":123,"column":37},"end":{"line":140,"column":5}},"line":123},"23":{"name":"(anonymous_23)","decl":{"start":{"line":130,"column":26},"end":{"line":130,"column":27}},"loc":{"start":{"line":130,"column":47},"end":{"line":139,"column":9}},"line":130}},"branchMap":{"0":{"loc":{"start":{"line":60,"column":8},"end":{"line":62,"column":9}},"type":"if","locations":[{"start":{"line":60,"column":8},"end":{"line":62,"column":9}},{"start":{"line":60,"column":8},"end":{"line":62,"column":9}}],"line":60},"1":{"loc":{"start":{"line":60,"column":12},"end":{"line":60,"column":74}},"type":"binary-expr","locations":[{"start":{"line":60,"column":12},"end":{"line":60,"column":29}},{"start":{"line":60,"column":33},"end":{"line":60,"column":55}},{"start":{"line":60,"column":59},"end":{"line":60,"column":74}}],"line":60},"2":{"loc":{"start":{"line":78,"column":12},"end":{"line":83,"column":13}},"type":"if","locations":[{"start":{"line":78,"column":12},"end":{"line":83,"column":13}},{"start":{"line":78,"column":12},"end":{"line":83,"column":13}}],"line":78},"3":{"loc":{"start":{"line":81,"column":17},"end":{"line":83,"column":13}},"type":"if","locations":[{"start":{"line":81,"column":17},"end":{"line":83,"column":13}},{"start":{"line":81,"column":17},"end":{"line":83,"column":13}}],"line":81},"4":{"loc":{"start":{"line":116,"column":8},"end":{"line":121,"column":9}},"type":"if","locations":[{"start":{"line":116,"column":8},"end":{"line":121,"column":9}},{"start":{"line":116,"column":8},"end":{"line":121,"column":9}}],"line":116},"5":{"loc":{"start":{"line":116,"column":12},"end":{"line":116,"column":54}},"type":"binary-expr","locations":[{"start":{"line":116,"column":12},"end":{"line":116,"column":38}},{"start":{"line":116,"column":42},"end":{"line":116,"column":54}}],"line":116},"6":{"loc":{"start":{"line":127,"column":8},"end":{"line":129,"column":9}},"type":"if","locations":[{"start":{"line":127,"column":8},"end":{"line":129,"column":9}},{"start":{"line":127,"column":8},"end":{"line":129,"column":9}}],"line":127},"7":{"loc":{"start":{"line":131,"column":12},"end":{"line":135,"column":13}},"type":"if","locations":[{"start":{"line":131,"column":12},"end":{"line":135,"column":13}},{"start":{"line":131,"column":12},"end":{"line":135,"column":13}}],"line":131}},"s":{"0":1,"1":1,"2":1,"3":1,"4":1,"5":1,"6":1,"7":1,"8":1,"9":1,"10":1,"11":1,"12":1,"13":1,"14":1,"15":1,"16":1,"17":1,"18":1,"19":1,"20":13,"21":13,"22":13,"23":1,"24":1,"25":1,"26":1,"27":1,"28":1,"29":1,"30":1,"31":1,"32":1,"33":0,"34":0,"35":0,"36":0,"37":6,"38":6,"39":6,"40":1,"41":6,"42":5,"43":2,"44":2,"45":3,"46":3,"47":5,"48":3,"49":3,"50":1,"51":2,"52":1,"53":1,"54":1,"55":3,"56":2,"57":2,"58":1,"59":1,"60":2,"61":2,"62":2,"63":2,"64":0,"65":0,"66":0,"67":0,"68":0,"69":0,"70":0,"71":0,"72":0,"73":0,"74":0,"75":0,"76":0,"77":0,"78":0,"79":0,"80":0,"81":0,"82":0,"83":0,"84":0,"85":0,"86":0,"87":0,"88":1,"89":1},"f":{"0":1,"1":1,"2":1,"3":1,"4":1,"5":1,"6":13,"7":1,"8":0,"9":6,"10":2,"11":3,"12":3,"13":1,"14":2,"15":2,"16":1,"17":1,"18":2,"19":2,"20":0,"21":0,"22":0,"23":0},"b":{"0":[1,5],"1":[6,6,5],"2":[1,1],"3":[1,0],"4":[0,0],"5":[0,0],"6":[0,0],"7":[0,0]},"_coverageSchema":"332fd63041d2c1bcb487cc26dd0d5f7d97098a6c","hash":"9d7fb55ac85bfafbf2b7889f39fe9f66eb10f0fd","contentHash":"40de85229139d6d4e83e1a238b39fe42_11.3.0"}}